Info: Nothing to build for project22222
Info: Nothing to build for targil1
Info: Nothing to build for targil2
Info: Nothing to build for targil3
13:53:09 **** Incremental Build of configuration Debug for project SPFinalProject ****
Info: Internal Builder is used for build
g++ "-IC:\\opencv\\build\\include" -O0 -g3 -Wall -c -fmessage-length=0 -std=c99 -o SPImageProc.o "..\\SPImageProc.cpp" 
cc1plus.exe: warning: command line option '-std=c99' is valid for C/ObjC but not for C++
In file included from ..\SPImageProc.cpp:10:0:
..\SPImageProc.h:19:27: warning: non-static data member initializers only available with -std=c++11 or -std=gnu++11
  const char* windowName = "Software Project CBIR";
                           ^
gcc -O0 -g3 -Wall -c -fmessage-length=0 -o SPBPriorityQueue.o "..\\SPBPriorityQueue.c" 
..\SPBPriorityQueue.c: In function 'spBPQueueEnqueue':
..\SPBPriorityQueue.c:80:6: error: 'for' loop initial declarations are only allowed in C99 or C11 mode
      for(int i = 0; i<spListGetSize(source->list)-1;i++){
      ^
..\SPBPriorityQueue.c:80:6: note: use option -std=c99, -std=gnu99, -std=c11 or -std=gnu11 to compile your code
13:53:30 **** Incremental Build of configuration Debug for project 2008 ****
Info: Internal Builder is used for build
gcc -o 2008.exe main.o 
c:/mingw/bin/../lib/gcc/mingw32/4.9.3/../../../libmingw32.a(main.o):(.text.startup+0xa7): undefined reference to `WinMain@16'
collect2.exe: error: ld returned 1 exit status
Info: Nothing to build for 2009
Info: Nothing to build for 2010
13:53:30 **** Incremental Build of configuration Debug for project 2011 ****
Info: Internal Builder is used for build
gcc -o 2011.exe main.o 
c:/mingw/bin/../lib/gcc/mingw32/4.9.3/../../../libmingw32.a(main.o):(.text.startup+0xa7): undefined reference to `WinMain@16'
collect2.exe: error: ld returned 1 exit status
Info: Nothing to build for 2012
Info: Nothing to build for HomeWork
Info: Nothing to build for exman2013
Info: Nothing to build for hw1
Info: Nothing to build for hw2
Info: Nothing to build for project22222
Info: Nothing to build for targil1
Info: Nothing to build for targil2
Info: Nothing to build for targil3
13:53:31 **** Incremental Build of configuration Debug for project SPFinalProject ****
Info: Internal Builder is used for build
gcc -O0 -g3 -Wall -c -fmessage-length=0 -o SPKDArray.o "..\\SPKDArray.c" 
In file included from ..\SPKDArray.c:7:0:
..\SPKDArray.h:18:25: error: unknown type name 'SPPoint'
 SPKDArray spKdarrayInit(SPPoint* arr, int size);
                         ^
..\SPKDArray.c: In function 'spKdarrayInit':
..\SPKDArray.c:19:19: error: expected expression before 'int'
  if (arr==NULL || int<=0)
                   ^
..\SPKDArray.c:24:15: warning: initialization from incompatible pointer type
  SPPoint* p = (SPPoint)malloc(size*sizeof(SPPoint));
               ^
..\SPKDArray.c:33:11: warning: assignment makes integer from pointer without a cast
   (*a)[i] = (int*)malloc(size*sizeof(int));
           ^
..\SPKDArray.c:34:14: warning: comparison between pointer and integer
   if((*a)[i] == NULL){//allocation fails
              ^
..\SPKDArray.c:42:3: warning: implicit declaration of function 'qsort_r' [-Wimplicit-function-declaration]
   qsort_r(p,size,sizeof(SPPoint),compByAxis,i);
   ^
..\SPKDArray.c:42:34: error: 'compByAxis' undeclared (first use in this function)
   qsort_r(p,size,sizeof(SPPoint),compByAxis,i);
                                  ^
..\SPKDArray.c:42:34: note: each undeclared identifier is reported only once for each function it appears in
..\SPKDArray.c:44:12: warning: assignment makes integer from pointer without a cast
    a[i][j] = p[j];
            ^
..\SPKDArray.c: At top level:
..\SPKDArray.c:57:53: error: expected identifier or '(' before '{' token
 SPKDArray spKdarraySplit(SPKDArray kdArr, int coor);{
                                                     ^
Info: Nothing to build for try
13:55:16 **** Incremental Build of configuration Debug for project 2008 ****
Info: Internal Builder is used for build
gcc -o 2008.exe main.o 
c:/mingw/bin/../lib/gcc/mingw32/4.9.3/../../../libmingw32.a(main.o):(.text.startup+0xa7): undefined reference to `WinMain@16'
collect2.exe: error: ld returned 1 exit status
Info: Nothing to build for 2009
Info: Nothing to build for 2010
13:55:16 **** Incremental Build of configuration Debug for project 2011 ****
Info: Internal Builder is used for build
gcc -o 2011.exe main.o 
c:/mingw/bin/../lib/gcc/mingw32/4.9.3/../../../libmingw32.a(main.o):(.text.startup+0xa7): undefined reference to `WinMain@16'
collect2.exe: error: ld returned 1 exit status
Info: Nothing to build for 2012
Info: Nothing to build for HomeWork
Info: Nothing to build for exman2013
Info: Nothing to build for hw1
Info: Nothing to build for hw2
Info: Nothing to build for project22222
Info: Nothing to build for targil1
Info: Nothing to build for targil2
Info: Nothing to build for targil3
13:55:17 **** Incremental Build of configuration Debug for project SPFinalProject ****
Info: Internal Builder is used for build
gcc -O0 -g3 -Wall -c -fmessage-length=0 -o SPPoint.o "..\\SPPoint.c" 
..\SPPoint.c: In function 'spPointCreate':
..\SPPoint.c:34:2: error: 'for' loop initial declarations are only allowed in C99 or C11 mode
  for(int i=0; i<dim;i++){
  ^
..\SPPoint.c:34:2: note: use option -std=c99, -std=gnu99, -std=c11 or -std=gnu11 to compile your code
..\SPPoint.c: In function 'spPointL2SquaredDistance':
..\SPPoint.c:128:2: error: 'for' loop initial declarations are only allowed in C99 or C11 mode
  for(int i = 0; i<dim;i++){
  ^
Info: Nothing to build for try
13:55:34 **** Incremental Build of configuration Debug for project 2008 ****
Info: Internal Builder is used for build
gcc -o 2008.exe main.o 
c:/mingw/bin/../lib/gcc/mingw32/4.9.3/../../../libmingw32.a(main.o):(.text.startup+0xa7): undefined reference to `WinMain@16'
collect2.exe: error: ld returned 1 exit status
Info: Nothing to build for 2009
Info: Nothing to build for 2010
13:55:35 **** Incremental Build of configuration Debug for project 2011 ****
Info: Internal Builder is used for build
gcc -o 2011.exe main.o 
c:/mingw/bin/../lib/gcc/mingw32/4.9.3/../../../libmingw32.a(main.o):(.text.startup+0xa7): undefined reference to `WinMain@16'
collect2.exe: error: ld returned 1 exit status
Info: Nothing to build for 2012
Info: Nothing to build for HomeWork
Info: Nothing to build for exman2013
Info: Nothing to build for hw1
Info: Nothing to build for hw2
Info: Nothing to build for project22222
Info: Nothing to build for targil1
Info: Nothing to build for targil2
Info: Nothing to build for targil3
13:55:36 **** Incremental Build of configuration Debug for project SPFinalProject ****
Info: Internal Builder is used for build
gcc -O0 -g3 -Wall -c -fmessage-length=0 -o SPListElement.o "..\\SPListElement.c" 
gcc -O0 -g3 -Wall -c -fmessage-length=0 -o SPPoint.o "..\\SPPoint.c" 
..\SPPoint.c: In function 'spPointCreate':
..\SPPoint.c:34:2: error: 'for' loop initial declarations are only allowed in C99 or C11 mode
  for(int i=0; i<dim;i++){
  ^
..\SPPoint.c:34:2: note: use option -std=c99, -std=gnu99, -std=c11 or -std=gnu11 to compile your code
..\SPPoint.c: In function 'spPointL2SquaredDistance':
..\SPPoint.c:128:2: error: 'for' loop initial declarations are only allowed in C99 or C11 mode
  for(int i = 0; i<dim;i++){
  ^
Info: Nothing to build for try
13:55:39 **** Incremental Build of configuration Debug for project 2008 ****
Info: Internal Builder is used for build
gcc -o 2008.exe main.o 
c:/mingw/bin/../lib/gcc/mingw32/4.9.3/../../../libmingw32.a(main.o):(.text.startup+0xa7): undefined reference to `WinMain@16'
collect2.exe: error: ld returned 1 exit status
Info: Nothing to build for 2009
Info: Nothing to build for 2010
13:55:40 **** Incremental Build of configuration Debug for project 2011 ****
Info: Internal Builder is used for build
gcc -o 2011.exe main.o 
c:/mingw/bin/../lib/gcc/mingw32/4.9.3/../../../libmingw32.a(main.o):(.text.startup+0xa7): undefined reference to `WinMain@16'
collect2.exe: error: ld returned 1 exit status
Info: Nothing to build for 2012
Info: Nothing to build for HomeWork
Info: Nothing to build for exman2013
Info: Nothing to build for hw1
Info: Nothing to build for hw2
Info: Nothing to build for project22222
Info: Nothing to build for targil1
Info: Nothing to build for targil2
Info: Nothing to build for targil3
13:55:41 **** Incremental Build of configuration Debug for project SPFinalProject ****
Info: Internal Builder is used for build
gcc -O0 -g3 -Wall -c -fmessage-length=0 -o SPPoint.o "..\\SPPoint.c" 
..\SPPoint.c: In function 'spPointCreate':
..\SPPoint.c:34:2: error: 'for' loop initial declarations are only allowed in C99 or C11 mode
  for(int i=0; i<dim;i++){
  ^
..\SPPoint.c:34:2: note: use option -std=c99, -std=gnu99, -std=c11 or -std=gnu11 to compile your code
..\SPPoint.c: In function 'spPointL2SquaredDistance':
..\SPPoint.c:128:2: error: 'for' loop initial declarations are only allowed in C99 or C11 mode
  for(int i = 0; i<dim;i++){
  ^
Info: Nothing to build for try
13:56:20 **** Incremental Build of configuration Debug for project 2008 ****
Info: Internal Builder is used for build
gcc -o 2008.exe main.o 
c:/mingw/bin/../lib/gcc/mingw32/4.9.3/../../../libmingw32.a(main.o):(.text.startup+0xa7): undefined reference to `WinMain@16'
collect2.exe: error: ld returned 1 exit status
Info: Nothing to build for 2009
Info: Nothing to build for 2010
13:56:20 **** Incremental Build of configuration Debug for project 2011 ****
Info: Internal Builder is used for build
gcc -o 2011.exe main.o 
c:/mingw/bin/../lib/gcc/mingw32/4.9.3/../../../libmingw32.a(main.o):(.text.startup+0xa7): undefined reference to `WinMain@16'
collect2.exe: error: ld returned 1 exit status
Info: Nothing to build for 2012
Info: Nothing to build for HomeWork
Info: Nothing to build for exman2013
Info: Nothing to build for hw1
Info: Nothing to build for hw2
Info: Nothing to build for project22222
Info: Nothing to build for targil1
Info: Nothing to build for targil2
Info: Nothing to build for targil3
13:56:21 **** Incremental Build of configuration Debug for project SPFinalProject ****
Info: Internal Builder is used for build
gcc -O0 -g3 -Wall -c -fmessage-length=0 -o KDTree.o "..\\KDTree.c" 
In file included from ..\KDTree.c:1:0:
..\KDTree.h:1:1: error: stray '##' in program
 ## Type for defining the point
 ^
..\KDTree.h:1:9: error: expected '=', ',', ';', 'asm' or '__attribute__' before 'for'
 ## Type for defining the point
         ^
..\KDTree.h:13:1: error: stray '##' in program
 ##build a tree
 ^
..\KDTree.h:13:3: error: unknown type name 'build'
 ##build a tree
   ^
..\KDTree.h:13:11: error: expected '=', ',', ';', 'asm' or '__attribute__' before 'tree'
 ##build a tree
           ^
..\KDTree.h:13:11: error: unknown type name 'tree'
..\KDTree.c:6:21: fatal error: SPLoger.h: No such file or directory
 #include "SPLoger.h"
                     ^
compilation terminated.
Info: Nothing to build for try
13:56:35 **** Incremental Build of configuration Debug for project 2008 ****
Info: Internal Builder is used for build
gcc -o 2008.exe main.o 
c:/mingw/bin/../lib/gcc/mingw32/4.9.3/../../../libmingw32.a(main.o):(.text.startup+0xa7): undefined reference to `WinMain@16'
collect2.exe: error: ld returned 1 exit status
Info: Nothing to build for 2009
Info: Nothing to build for 2010
13:56:36 **** Incremental Build of configuration Debug for project 2011 ****
Info: Internal Builder is used for build
gcc -o 2011.exe main.o 
c:/mingw/bin/../lib/gcc/mingw32/4.9.3/../../../libmingw32.a(main.o):(.text.startup+0xa7): undefined reference to `WinMain@16'
collect2.exe: error: ld returned 1 exit status
Info: Nothing to build for 2012
Info: Nothing to build for HomeWork
Info: Nothing to build for exman2013
Info: Nothing to build for hw1
Info: Nothing to build for hw2
Info: Nothing to build for project22222
Info: Nothing to build for targil1
Info: Nothing to build for targil2
Info: Nothing to build for targil3
13:56:37 **** Incremental Build of configuration Debug for project SPFinalProject ****
Info: Internal Builder is used for build
gcc -O0 -g3 -Wall -c -fmessage-length=0 -o KDTree.o "..\\KDTree.c" 
In file included from ..\KDTree.c:1:0:
..\KDTree.h:1:1: error: stray '##' in program
 ## Type for defining the point
 ^
..\KDTree.h:1:9: error: expected '=', ',', ';', 'asm' or '__attribute__' before 'for'
 ## Type for defining the point
         ^
..\KDTree.h:13:1: error: stray '##' in program
 ##build a tree
 ^
..\KDTree.h:13:3: error: unknown type name 'build'
 ##build a tree
   ^
..\KDTree.h:13:11: error: expected '=', ',', ';', 'asm' or '__attribute__' before 'tree'
 ##build a tree
           ^
..\KDTree.h:13:11: error: unknown type name 'tree'
..\KDTree.c:6:21: fatal error: SPLoger.h: No such file or directory
 #include "SPLoger.h"
                     ^
compilation terminated.
Info: Nothing to build for try
13:57:48 **** Incremental Build of configuration Debug for project 2008 ****
Info: Internal Builder is used for build
gcc -o 2008.exe main.o 
c:/mingw/bin/../lib/gcc/mingw32/4.9.3/../../../libmingw32.a(main.o):(.text.startup+0xa7): undefined reference to `WinMain@16'
collect2.exe: error: ld returned 1 exit status
Info: Nothing to build for 2009
Info: Nothing to build for 2010
13:57:48 **** Incremental Build of configuration Debug for project 2011 ****
Info: Internal Builder is used for build
gcc -o 2011.exe main.o 
c:/mingw/bin/../lib/gcc/mingw32/4.9.3/../../../libmingw32.a(main.o):(.text.startup+0xa7): undefined reference to `WinMain@16'
collect2.exe: error: ld returned 1 exit status
Info: Nothing to build for 2012
Info: Nothing to build for HomeWork
Info: Nothing to build for exman2013
Info: Nothing to build for hw1
Info: Nothing to build for hw2
Info: Nothing to build for project22222
Info: Nothing to build for targil1
Info: Nothing to build for targil2
Info: Nothing to build for targil3
13:57:49 **** Incremental Build of configuration Debug for project SPFinalProject ****
Info: Internal Builder is used for build
gcc -O0 -g3 -Wall -c -fmessage-length=0 -o SPBPriorityQueue.o "..\\SPBPriorityQueue.c" 
..\SPBPriorityQueue.c: In function 'spBPQueueEnqueue':
..\SPBPriorityQueue.c:80:6: error: 'for' loop initial declarations are only allowed in C99 or C11 mode
      for(int i = 0; i<spListGetSize(source->list)-1;i++){
      ^
..\SPBPriorityQueue.c:80:6: note: use option -std=c99, -std=gnu99, -std=c11 or -std=gnu11 to compile your code
Info: Nothing to build for try
13:57:54 **** Incremental Build of configuration Debug for project 2008 ****
Info: Internal Builder is used for build
gcc -o 2008.exe main.o 
c:/mingw/bin/../lib/gcc/mingw32/4.9.3/../../../libmingw32.a(main.o):(.text.startup+0xa7): undefined reference to `WinMain@16'
collect2.exe: error: ld returned 1 exit status
Info: Nothing to build for 2009
Info: Nothing to build for 2010
13:57:55 **** Incremental Build of configuration Debug for project 2011 ****
Info: Internal Builder is used for build
gcc -o 2011.exe main.o 
c:/mingw/bin/../lib/gcc/mingw32/4.9.3/../../../libmingw32.a(main.o):(.text.startup+0xa7): undefined reference to `WinMain@16'
collect2.exe: error: ld returned 1 exit status
Info: Nothing to build for 2012
Info: Nothing to build for HomeWork
Info: Nothing to build for exman2013
Info: Nothing to build for hw1
Info: Nothing to build for hw2
Info: Nothing to build for project22222
Info: Nothing to build for targil1
Info: Nothing to build for targil2
Info: Nothing to build for targil3
13:57:56 **** Incremental Build of configuration Debug for project SPFinalProject ****
Info: Internal Builder is used for build
gcc -O0 -g3 -Wall -c -fmessage-length=0 -o KDTree.o "..\\KDTree.c" 
In file included from ..\KDTree.c:1:0:
..\KDTree.h:15:1: error: unknown type name 'KDTreeNode'
 KDTreeNode buildKDTree(SPKDArray array, int depth)
 ^
..\KDTree.h:15:24: error: unknown type name 'SPKDArray'
 KDTreeNode buildKDTree(SPKDArray array, int depth)
                        ^
..\KDTree.h:1:0: error: unterminated #ifndef
 #ifndef KDTREE_H_
 ^
..\KDTree.c:6:21: fatal error: SPLoger.h: No such file or directory
 #include "SPLoger.h"
                     ^
compilation terminated.
Info: Nothing to build for try
13:58:24 **** Incremental Build of configuration Debug for project 2008 ****
Info: Internal Builder is used for build
gcc -o 2008.exe main.o 
c:/mingw/bin/../lib/gcc/mingw32/4.9.3/../../../libmingw32.a(main.o):(.text.startup+0xa7): undefined reference to `WinMain@16'
collect2.exe: error: ld returned 1 exit status
Info: Nothing to build for 2009
Info: Nothing to build for 2010
13:58:24 **** Incremental Build of configuration Debug for project 2011 ****
Info: Internal Builder is used for build
gcc -o 2011.exe main.o 
c:/mingw/bin/../lib/gcc/mingw32/4.9.3/../../../libmingw32.a(main.o):(.text.startup+0xa7): undefined reference to `WinMain@16'
collect2.exe: error: ld returned 1 exit status
Info: Nothing to build for 2012
Info: Nothing to build for HomeWork
Info: Nothing to build for exman2013
Info: Nothing to build for hw1
Info: Nothing to build for hw2
Info: Nothing to build for project22222
Info: Nothing to build for targil1
Info: Nothing to build for targil2
Info: Nothing to build for targil3
13:58:25 **** Incremental Build of configuration Debug for project SPFinalProject ****
Info: Internal Builder is used for build
gcc -O0 -g3 -Wall -c -fmessage-length=0 -o KDTree.o "..\\KDTree.c" 
In file included from ..\KDTree.c:1:0:
..\KDTree.h:15:1: error: unknown type name 'KDTreeNode'
 KDTreeNode buildKDTree(SPKDArray array, int depth)
 ^
..\KDTree.h:15:24: error: unknown type name 'SPKDArray'
 KDTreeNode buildKDTree(SPKDArray array, int depth)
                        ^
..\KDTree.h:1:0: error: unterminated #ifndef
 #ifndef KDTREE_H_
 ^
..\KDTree.c:6:21: fatal error: SPLoger.h: No such file or directory
 #include "SPLoger.h"
                     ^
compilation terminated.
Info: Nothing to build for try
13:58:36 **** Incremental Build of configuration Debug for project 2008 ****
Info: Internal Builder is used for build
gcc -o 2008.exe main.o 
c:/mingw/bin/../lib/gcc/mingw32/4.9.3/../../../libmingw32.a(main.o):(.text.startup+0xa7): undefined reference to `WinMain@16'
collect2.exe: error: ld returned 1 exit status
Info: Nothing to build for 2009
Info: Nothing to build for 2010
13:58:37 **** Incremental Build of configuration Debug for project 2011 ****
Info: Internal Builder is used for build
gcc -o 2011.exe main.o 
c:/mingw/bin/../lib/gcc/mingw32/4.9.3/../../../libmingw32.a(main.o):(.text.startup+0xa7): undefined reference to `WinMain@16'
collect2.exe: error: ld returned 1 exit status
Info: Nothing to build for 2012
Info: Nothing to build for HomeWork
Info: Nothing to build for exman2013
Info: Nothing to build for hw1
Info: Nothing to build for hw2
Info: Nothing to build for project22222
Info: Nothing to build for targil1
Info: Nothing to build for targil2
Info: Nothing to build for targil3
13:58:38 **** Incremental Build of configuration Debug for project SPFinalProject ****
Info: Internal Builder is used for build
gcc -O0 -g3 -Wall -c -fmessage-length=0 -o SPPoint.o "..\\SPPoint.c" 
..\SPPoint.c: In function 'spPointCreate':
..\SPPoint.c:34:2: error: 'for' loop initial declarations are only allowed in C99 or C11 mode
  for(int i=0; i<dim;i++){
  ^
..\SPPoint.c:34:2: note: use option -std=c99, -std=gnu99, -std=c11 or -std=gnu11 to compile your code
..\SPPoint.c: In function 'spPointL2SquaredDistance':
..\SPPoint.c:128:2: error: 'for' loop initial declarations are only allowed in C99 or C11 mode
  for(int i = 0; i<dim;i++){
  ^
Info: Nothing to build for try
13:58:57 **** Incremental Build of configuration Debug for project 2008 ****
Info: Internal Builder is used for build
gcc -o 2008.exe main.o 
c:/mingw/bin/../lib/gcc/mingw32/4.9.3/../../../libmingw32.a(main.o):(.text.startup+0xa7): undefined reference to `WinMain@16'
collect2.exe: error: ld returned 1 exit status
Info: Nothing to build for 2009
Info: Nothing to build for 2010
13:58:58 **** Incremental Build of configuration Debug for project 2011 ****
Info: Internal Builder is used for build
gcc -o 2011.exe main.o 
c:/mingw/bin/../lib/gcc/mingw32/4.9.3/../../../libmingw32.a(main.o):(.text.startup+0xa7): undefined reference to `WinMain@16'
collect2.exe: error: ld returned 1 exit status
Info: Nothing to build for 2012
Info: Nothing to build for HomeWork
Info: Nothing to build for exman2013
Info: Nothing to build for hw1
Info: Nothing to build for hw2
Info: Nothing to build for project22222
Info: Nothing to build for targil1
Info: Nothing to build for targil2
Info: Nothing to build for targil3
13:58:58 **** Incremental Build of configuration Debug for project SPFinalProject ****
Info: Internal Builder is used for build
gcc -O0 -g3 -Wall -c -fmessage-length=0 -o SPPoint.o "..\\SPPoint.c" 
In file included from ..\SPPoint.c:12:0:
..\SPPoint.h:110:2: error: #endif without #if
 #endif /* SPPOINT_H_ */
  ^
..\SPPoint.c: In function 'spPointCreate':
..\SPPoint.c:34:2: error: 'for' loop initial declarations are only allowed in C99 or C11 mode
  for(int i=0; i<dim;i++){
  ^
..\SPPoint.c:34:2: note: use option -std=c99, -std=gnu99, -std=c11 or -std=gnu11 to compile your code
..\SPPoint.c: In function 'spPointL2SquaredDistance':
..\SPPoint.c:128:2: error: 'for' loop initial declarations are only allowed in C99 or C11 mode
  for(int i = 0; i<dim;i++){
  ^
Info: Nothing to build for try
13:59:08 **** Incremental Build of configuration Debug for project 2008 ****
Info: Internal Builder is used for build
gcc -o 2008.exe main.o 
c:/mingw/bin/../lib/gcc/mingw32/4.9.3/../../../libmingw32.a(main.o):(.text.startup+0xa7): undefined reference to `WinMain@16'
collect2.exe: error: ld returned 1 exit status
Info: Nothing to build for 2009
Info: Nothing to build for 2010
13:59:08 **** Incremental Build of configuration Debug for project 2011 ****
Info: Internal Builder is used for build
gcc -o 2011.exe main.o 
c:/mingw/bin/../lib/gcc/mingw32/4.9.3/../../../libmingw32.a(main.o):(.text.startup+0xa7): undefined reference to `WinMain@16'
collect2.exe: error: ld returned 1 exit status
Info: Nothing to build for 2012
Info: Nothing to build for HomeWork
Info: Nothing to build for exman2013
Info: Nothing to build for hw1
Info: Nothing to build for hw2
Info: Nothing to build for project22222
Info: Nothing to build for targil1
Info: Nothing to build for targil2
Info: Nothing to build for targil3
13:59:09 **** Incremental Build of configuration Debug for project SPFinalProject ****
Info: Internal Builder is used for build
gcc -O0 -g3 -Wall -c -fmessage-length=0 -o SPLogger.o "..\\SPLogger.c" 
gcc -O0 -g3 -Wall -c -fmessage-length=0 -o SPKDArray.o "..\\SPKDArray.c" 
In file included from ..\SPKDArray.c:7:0:
..\SPKDArray.h:18:25: error: unknown type name 'SPPoint'
 SPKDArray spKdarrayInit(SPPoint* arr, int size);
                         ^
In file included from ..\SPKDArray.c:8:0:
..\SPPoint.h:110:2: error: #endif without #if
 #endif /* SPPOINT_H_ */
  ^
..\SPKDArray.c: In function 'spKdarrayInit':
..\SPKDArray.c:19:19: error: expected expression before 'int'
  if (arr==NULL || int<=0)
                   ^
..\SPKDArray.c:24:15: warning: initialization from incompatible pointer type
  SPPoint* p = (SPPoint)malloc(size*sizeof(SPPoint));
               ^
..\SPKDArray.c:33:11: warning: assignment makes integer from pointer without a cast
   (*a)[i] = (int*)malloc(size*sizeof(int));
           ^
..\SPKDArray.c:34:14: warning: comparison between pointer and integer
   if((*a)[i] == NULL){//allocation fails
              ^
..\SPKDArray.c:42:3: warning: implicit declaration of function 'qsort_r' [-Wimplicit-function-declaration]
   qsort_r(p,size,sizeof(SPPoint),compByAxis,i);
   ^
..\SPKDArray.c:42:34: error: 'compByAxis' undeclared (first use in this function)
   qsort_r(p,size,sizeof(SPPoint),compByAxis,i);
                                  ^
..\SPKDArray.c:42:34: note: each undeclared identifier is reported only once for each function it appears in
..\SPKDArray.c:44:12: warning: assignment makes integer from pointer without a cast
    a[i][j] = p[j];
            ^
..\SPKDArray.c: At top level:
..\SPKDArray.c:57:53: error: expected identifier or '(' before '{' token
 SPKDArray spKdarraySplit(SPKDArray kdArr, int coor);{
                                                     ^
Info: Nothing to build for try
13:59:26 **** Incremental Build of configuration Debug for project 2008 ****
Info: Internal Builder is used for build
gcc -o 2008.exe main.o 
c:/mingw/bin/../lib/gcc/mingw32/4.9.3/../../../libmingw32.a(main.o):(.text.startup+0xa7): undefined reference to `WinMain@16'
collect2.exe: error: ld returned 1 exit status
Info: Nothing to build for 2009
Info: Nothing to build for 2010
13:59:27 **** Incremental Build of configuration Debug for project 2011 ****
Info: Internal Builder is used for build
gcc -o 2011.exe main.o 
c:/mingw/bin/../lib/gcc/mingw32/4.9.3/../../../libmingw32.a(main.o):(.text.startup+0xa7): undefined reference to `WinMain@16'
collect2.exe: error: ld returned 1 exit status
Info: Nothing to build for 2012
Info: Nothing to build for HomeWork
Info: Nothing to build for exman2013
Info: Nothing to build for hw1
Info: Nothing to build for hw2
Info: Nothing to build for project22222
Info: Nothing to build for targil1
Info: Nothing to build for targil2
Info: Nothing to build for targil3
13:59:28 **** Incremental Build of configuration Debug for project SPFinalProject ****
Info: Internal Builder is used for build
gcc -O0 -g3 -Wall -c -fmessage-length=0 -o KDTree.o "..\\KDTree.c" 
In file included from ..\KDTree.c:1:0:
..\KDTree.h:15:1: error: unknown type name 'KDTreeNode'
 KDTreeNode buildKDTree(SPKDArray array, int depth)
 ^
..\KDTree.h:15:24: error: unknown type name 'SPKDArray'
 KDTreeNode buildKDTree(SPKDArray array, int depth)
                        ^
..\KDTree.c:6:21: fatal error: SPLoger.h: No such file or directory
 #include "SPLoger.h"
                     ^
compilation terminated.
Info: Nothing to build for try
13:59:30 **** Incremental Build of configuration Debug for project 2008 ****
Info: Internal Builder is used for build
gcc -o 2008.exe main.o 
c:/mingw/bin/../lib/gcc/mingw32/4.9.3/../../../libmingw32.a(main.o):(.text.startup+0xa7): undefined reference to `WinMain@16'
collect2.exe: error: ld returned 1 exit status
Info: Nothing to build for 2009
Info: Nothing to build for 2010
13:59:31 **** Incremental Build of configuration Debug for project 2011 ****
Info: Internal Builder is used for build
gcc -o 2011.exe main.o 
c:/mingw/bin/../lib/gcc/mingw32/4.9.3/../../../libmingw32.a(main.o):(.text.startup+0xa7): undefined reference to `WinMain@16'
collect2.exe: error: ld returned 1 exit status
Info: Nothing to build for 2012
Info: Nothing to build for HomeWork
Info: Nothing to build for exman2013
Info: Nothing to build for hw1
Info: Nothing to build for hw2
Info: Nothing to build for project22222
Info: Nothing to build for targil1
Info: Nothing to build for targil2
Info: Nothing to build for targil3
13:59:32 **** Incremental Build of configuration Debug for project SPFinalProject ****
Info: Internal Builder is used for build
gcc -O0 -g3 -Wall -c -fmessage-length=0 -o SPKDArray.o "..\\SPKDArray.c" 
In file included from ..\SPKDArray.c:7:0:
..\SPKDArray.h:18:25: error: unknown type name 'SPPoint'
 SPKDArray spKdarrayInit(SPPoint* arr, int size);
                         ^
..\SPKDArray.c: In function 'spKdarrayInit':
..\SPKDArray.c:19:19: error: expected expression before 'int'
  if (arr==NULL || int<=0)
                   ^
..\SPKDArray.c:24:15: warning: initialization from incompatible pointer type
  SPPoint* p = (SPPoint)malloc(size*sizeof(SPPoint));
               ^
..\SPKDArray.c:33:11: warning: assignment makes integer from pointer without a cast
   (*a)[i] = (int*)malloc(size*sizeof(int));
           ^
..\SPKDArray.c:34:14: warning: comparison between pointer and integer
   if((*a)[i] == NULL){//allocation fails
              ^
..\SPKDArray.c:42:3: warning: implicit declaration of function 'qsort_r' [-Wimplicit-function-declaration]
   qsort_r(p,size,sizeof(SPPoint),compByAxis,i);
   ^
..\SPKDArray.c:42:34: error: 'compByAxis' undeclared (first use in this function)
   qsort_r(p,size,sizeof(SPPoint),compByAxis,i);
                                  ^
..\SPKDArray.c:42:34: note: each undeclared identifier is reported only once for each function it appears in
..\SPKDArray.c:44:12: warning: assignment makes integer from pointer without a cast
    a[i][j] = p[j];
            ^
..\SPKDArray.c: At top level:
..\SPKDArray.c:57:53: error: expected identifier or '(' before '{' token
 SPKDArray spKdarraySplit(SPKDArray kdArr, int coor);{
                                                     ^
Info: Nothing to build for try
13:59:39 **** Incremental Build of configuration Debug for project 2008 ****
Info: Internal Builder is used for build
gcc -o 2008.exe main.o 
c:/mingw/bin/../lib/gcc/mingw32/4.9.3/../../../libmingw32.a(main.o):(.text.startup+0xa7): undefined reference to `WinMain@16'
collect2.exe: error: ld returned 1 exit status
Info: Nothing to build for 2009
Info: Nothing to build for 2010
13:59:39 **** Incremental Build of configuration Debug for project 2011 ****
Info: Internal Builder is used for build
gcc -o 2011.exe main.o 
c:/mingw/bin/../lib/gcc/mingw32/4.9.3/../../../libmingw32.a(main.o):(.text.startup+0xa7): undefined reference to `WinMain@16'
collect2.exe: error: ld returned 1 exit status
Info: Nothing to build for 2012
Info: Nothing to build for HomeWork
Info: Nothing to build for exman2013
Info: Nothing to build for hw1
Info: Nothing to build for hw2
Info: Nothing to build for project22222
Info: Nothing to build for targil1
Info: Nothing to build for targil2
Info: Nothing to build for targil3
13:59:40 **** Incremental Build of configuration Debug for project SPFinalProject ****
Info: Internal Builder is used for build
gcc -O0 -g3 -Wall -c -fmessage-length=0 -o SPKDArray.o "..\\SPKDArray.c" 
In file included from ..\SPKDArray.c:7:0:
..\SPKDArray.h:18:25: error: unknown type name 'SPPoint'
 SPKDArray spKdarrayInit(SPPoint* arr, int size);
                         ^
..\SPKDArray.c: In function 'spKdarrayInit':
..\SPKDArray.c:19:19: error: expected expression before 'int'
  if (arr==NULL || int<=0)
                   ^
..\SPKDArray.c:24:15: warning: initialization from incompatible pointer type
  SPPoint* p = (SPPoint)malloc(size*sizeof(SPPoint));
               ^
..\SPKDArray.c:33:11: warning: assignment makes integer from pointer without a cast
   (*a)[i] = (int*)malloc(size*sizeof(int));
           ^
..\SPKDArray.c:34:14: warning: comparison between pointer and integer
   if((*a)[i] == NULL){//allocation fails
              ^
..\SPKDArray.c:42:3: warning: implicit declaration of function 'qsort_r' [-Wimplicit-function-declaration]
   qsort_r(p,size,sizeof(SPPoint),compByAxis,i);
   ^
..\SPKDArray.c:42:34: error: 'compByAxis' undeclared (first use in this function)
   qsort_r(p,size,sizeof(SPPoint),compByAxis,i);
                                  ^
..\SPKDArray.c:42:34: note: each undeclared identifier is reported only once for each function it appears in
..\SPKDArray.c:44:12: warning: assignment makes integer from pointer without a cast
    a[i][j] = p[j];
            ^
..\SPKDArray.c: At top level:
..\SPKDArray.c:57:53: error: expected identifier or '(' before '{' token
 SPKDArray spKdarraySplit(SPKDArray kdArr, int coor);{
                                                     ^
Info: Nothing to build for try
14:01:22 **** Incremental Build of configuration Debug for project 2008 ****
Info: Internal Builder is used for build
gcc -o 2008.exe main.o 
c:/mingw/bin/../lib/gcc/mingw32/4.9.3/../../../libmingw32.a(main.o):(.text.startup+0xa7): undefined reference to `WinMain@16'
collect2.exe: error: ld returned 1 exit status
Info: Nothing to build for 2009
Info: Nothing to build for 2010
14:01:22 **** Incremental Build of configuration Debug for project 2011 ****
Info: Internal Builder is used for build
gcc -o 2011.exe main.o 
c:/mingw/bin/../lib/gcc/mingw32/4.9.3/../../../libmingw32.a(main.o):(.text.startup+0xa7): undefined reference to `WinMain@16'
collect2.exe: error: ld returned 1 exit status
Info: Nothing to build for 2012
Info: Nothing to build for HomeWork
Info: Nothing to build for exman2013
Info: Nothing to build for hw1
Info: Nothing to build for hw2
Info: Nothing to build for project22222
Info: Nothing to build for targil1
Info: Nothing to build for targil2
Info: Nothing to build for targil3
14:01:23 **** Incremental Build of configuration Debug for project SPFinalProject ****
Info: Internal Builder is used for build
gcc -O0 -g3 -Wall -c -fmessage-length=0 -o SPPoint.o "..\\SPPoint.c" 
..\SPPoint.c: In function 'spPointCreate':
..\SPPoint.c:34:2: error: 'for' loop initial declarations are only allowed in C99 or C11 mode
  for(int i=0; i<dim;i++){
  ^
..\SPPoint.c:34:2: note: use option -std=c99, -std=gnu99, -std=c11 or -std=gnu11 to compile your code
..\SPPoint.c: In function 'spPointL2SquaredDistance':
..\SPPoint.c:128:2: error: 'for' loop initial declarations are only allowed in C99 or C11 mode
  for(int i = 0; i<dim;i++){
  ^
Info: Nothing to build for try
14:01:40 **** Incremental Build of configuration Debug for project 2008 ****
Info: Internal Builder is used for build
gcc -o 2008.exe main.o 
c:/mingw/bin/../lib/gcc/mingw32/4.9.3/../../../libmingw32.a(main.o):(.text.startup+0xa7): undefined reference to `WinMain@16'
collect2.exe: error: ld returned 1 exit status
Info: Nothing to build for 2009
Info: Nothing to build for 2010
14:01:41 **** Incremental Build of configuration Debug for project 2011 ****
Info: Internal Builder is used for build
gcc -o 2011.exe main.o 
c:/mingw/bin/../lib/gcc/mingw32/4.9.3/../../../libmingw32.a(main.o):(.text.startup+0xa7): undefined reference to `WinMain@16'
collect2.exe: error: ld returned 1 exit status
Info: Nothing to build for 2012
Info: Nothing to build for HomeWork
Info: Nothing to build for exman2013
Info: Nothing to build for hw1
Info: Nothing to build for hw2
Info: Nothing to build for project22222
Info: Nothing to build for targil1
Info: Nothing to build for targil2
Info: Nothing to build for targil3
14:01:42 **** Incremental Build of configuration Debug for project SPFinalProject ****
Info: Internal Builder is used for build
gcc -O0 -g3 -Wall -c -fmessage-length=0 -o KDTree.o "..\\KDTree.c" 
In file included from ..\KDTree.c:1:0:
..\KDTree.h:15:1: error: unknown type name 'KDTreeNode'
 KDTreeNode buildKDTree(SPKDArray array, int depth)
 ^
..\KDTree.h:15:24: error: unknown type name 'SPKDArray'
 KDTreeNode buildKDTree(SPKDArray array, int depth)
                        ^
..\KDTree.c:6:21: fatal error: SPLoger.h: No such file or directory
 #include "SPLoger.h"
                     ^
compilation terminated.
Info: Nothing to build for try
14:02:29 **** Incremental Build of configuration Debug for project 2008 ****
Info: Internal Builder is used for build
gcc -o 2008.exe main.o 
c:/mingw/bin/../lib/gcc/mingw32/4.9.3/../../../libmingw32.a(main.o):(.text.startup+0xa7): undefined reference to `WinMain@16'
collect2.exe: error: ld returned 1 exit status
Info: Nothing to build for 2009
Info: Nothing to build for 2010
14:02:30 **** Incremental Build of configuration Debug for project 2011 ****
Info: Internal Builder is used for build
gcc -o 2011.exe main.o 
c:/mingw/bin/../lib/gcc/mingw32/4.9.3/../../../libmingw32.a(main.o):(.text.startup+0xa7): undefined reference to `WinMain@16'
collect2.exe: error: ld returned 1 exit status
Info: Nothing to build for 2012
Info: Nothing to build for HomeWork
Info: Nothing to build for exman2013
Info: Nothing to build for hw1
Info: Nothing to build for hw2
Info: Nothing to build for project22222
Info: Nothing to build for targil1
Info: Nothing to build for targil2
Info: Nothing to build for targil3
14:02:31 **** Incremental Build of configuration Debug for project SPFinalProject ****
Info: Internal Builder is used for build
g++ "-IC:\\opencv\\build\\include" -O0 -g3 -Wall -c -fmessage-length=0 -std=c99 -o SPImageProc.o "..\\SPImageProc.cpp" 
cc1plus.exe: warning: command line option '-std=c99' is valid for C/ObjC but not for C++
In file included from ..\SPImageProc.cpp:10:0:
..\SPImageProc.h:19:27: warning: non-static data member initializers only available with -std=c++11 or -std=gnu++11
  const char* windowName = "Software Project CBIR";
                           ^
gcc -O0 -g3 -Wall -c -fmessage-length=0 -o SPBPriorityQueue.o "..\\SPBPriorityQueue.c" 
..\SPBPriorityQueue.c: In function 'spBPQueueEnqueue':
..\SPBPriorityQueue.c:80:6: error: 'for' loop initial declarations are only allowed in C99 or C11 mode
      for(int i = 0; i<spListGetSize(source->list)-1;i++){
      ^
..\SPBPriorityQueue.c:80:6: note: use option -std=c99, -std=gnu99, -std=c11 or -std=gnu11 to compile your code
Info: Nothing to build for try
14:04:32 **** Incremental Build of configuration Debug for project 2008 ****
Info: Internal Builder is used for build
gcc -o 2008.exe main.o 
c:/mingw/bin/../lib/gcc/mingw32/4.9.3/../../../libmingw32.a(main.o):(.text.startup+0xa7): undefined reference to `WinMain@16'
collect2.exe: error: ld returned 1 exit status
Info: Nothing to build for 2009
Info: Nothing to build for 2010
14:04:33 **** Incremental Build of configuration Debug for project 2011 ****
Info: Internal Builder is used for build
gcc -o 2011.exe main.o 
c:/mingw/bin/../lib/gcc/mingw32/4.9.3/../../../libmingw32.a(main.o):(.text.startup+0xa7): undefined reference to `WinMain@16'
collect2.exe: error: ld returned 1 exit status
Info: Nothing to build for 2012
Info: Nothing to build for HomeWork
Info: Nothing to build for exman2013
Info: Nothing to build for hw1
Info: Nothing to build for hw2
Info: Nothing to build for project22222
Info: Nothing to build for targil1
Info: Nothing to build for targil2
Info: Nothing to build for targil3
14:04:34 **** Incremental Build of configuration Debug for project SPFinalProject ****
Info: Internal Builder is used for build
gcc -O0 -g3 -Wall -c -fmessage-length=0 -o SPKDArray.o "..\\SPKDArray.c" 
In file included from ..\SPKDArray.c:7:0:
..\SPKDArray.h:18:25: error: unknown type name 'SPPoint'
 SPKDArray spKdarrayInit(SPPoint* arr, int size);
                         ^
..\SPKDArray.c: In function 'spKdarrayInit':
..\SPKDArray.c:19:19: error: expected expression before 'int'
  if (arr==NULL || int<=0)
                   ^
..\SPKDArray.c:24:15: warning: initialization from incompatible pointer type
  SPPoint* p = (SPPoint)malloc(size*sizeof(SPPoint));
               ^
..\SPKDArray.c:33:11: warning: assignment makes integer from pointer without a cast
   (*a)[i] = (int*)malloc(size*sizeof(int));
           ^
..\SPKDArray.c:34:14: warning: comparison between pointer and integer
   if((*a)[i] == NULL){//allocation fails
              ^
..\SPKDArray.c:42:3: warning: implicit declaration of function 'qsort_r' [-Wimplicit-function-declaration]
   qsort_r(p,size,sizeof(SPPoint),compByAxis,i);
   ^
..\SPKDArray.c:42:34: error: 'compByAxis' undeclared (first use in this function)
   qsort_r(p,size,sizeof(SPPoint),compByAxis,i);
                                  ^
..\SPKDArray.c:42:34: note: each undeclared identifier is reported only once for each function it appears in
..\SPKDArray.c:44:12: warning: assignment makes integer from pointer without a cast
    a[i][j] = p[j];
            ^
..\SPKDArray.c: At top level:
..\SPKDArray.c:57:53: error: expected identifier or '(' before '{' token
 SPKDArray spKdarraySplit(SPKDArray kdArr, int coor);{
                                                     ^
Info: Nothing to build for try
14:05:00 **** Incremental Build of configuration Debug for project 2008 ****
Info: Internal Builder is used for build
gcc -o 2008.exe main.o 
c:/mingw/bin/../lib/gcc/mingw32/4.9.3/../../../libmingw32.a(main.o):(.text.startup+0xa7): undefined reference to `WinMain@16'
collect2.exe: error: ld returned 1 exit status
Info: Nothing to build for 2009
Info: Nothing to build for 2010
14:05:01 **** Incremental Build of configuration Debug for project 2011 ****
Info: Internal Builder is used for build
gcc -o 2011.exe main.o 
c:/mingw/bin/../lib/gcc/mingw32/4.9.3/../../../libmingw32.a(main.o):(.text.startup+0xa7): undefined reference to `WinMain@16'
collect2.exe: error: ld returned 1 exit status
Info: Nothing to build for 2012
Info: Nothing to build for HomeWork
Info: Nothing to build for exman2013
Info: Nothing to build for hw1
Info: Nothing to build for hw2
Info: Nothing to build for project22222
Info: Nothing to build for targil1
Info: Nothing to build for targil2
Info: Nothing to build for targil3
14:05:02 **** Incremental Build of configuration Debug for project SPFinalProject ****
Info: Internal Builder is used for build
gcc -O0 -g3 -Wall -c -fmessage-length=0 -o SPPoint.o "..\\SPPoint.c" 
..\SPPoint.c: In function 'spPointCreate':
..\SPPoint.c:34:2: error: 'for' loop initial declarations are only allowed in C99 or C11 mode
  for(int i=0; i<dim;i++){
  ^
..\SPPoint.c:34:2: note: use option -std=c99, -std=gnu99, -std=c11 or -std=gnu11 to compile your code
..\SPPoint.c: In function 'spPointL2SquaredDistance':
..\SPPoint.c:128:2: error: 'for' loop initial declarations are only allowed in C99 or C11 mode
  for(int i = 0; i<dim;i++){
  ^
Info: Nothing to build for try
14:05:04 **** Incremental Build of configuration Debug for project 2008 ****
Info: Internal Builder is used for build
gcc -o 2008.exe main.o 
c:/mingw/bin/../lib/gcc/mingw32/4.9.3/../../../libmingw32.a(main.o):(.text.startup+0xa7): undefined reference to `WinMain@16'
collect2.exe: error: ld returned 1 exit status
Info: Nothing to build for 2009
Info: Nothing to build for 2010
14:05:04 **** Incremental Build of configuration Debug for project 2011 ****
Info: Internal Builder is used for build
gcc -o 2011.exe main.o 
c:/mingw/bin/../lib/gcc/mingw32/4.9.3/../../../libmingw32.a(main.o):(.text.startup+0xa7): undefined reference to `WinMain@16'
collect2.exe: error: ld returned 1 exit status
Info: Nothing to build for 2012
Info: Nothing to build for HomeWork
Info: Nothing to build for exman2013
Info: Nothing to build for hw1
Info: Nothing to build for hw2
Info: Nothing to build for project22222
Info: Nothing to build for targil1
Info: Nothing to build for targil2
Info: Nothing to build for targil3
14:05:05 **** Incremental Build of configuration Debug for project SPFinalProject ****
Info: Internal Builder is used for build
gcc -O0 -g3 -Wall -c -fmessage-length=0 -o SPBPriorityQueue.o "..\\SPBPriorityQueue.c" 
..\SPBPriorityQueue.c: In function 'spBPQueueEnqueue':
..\SPBPriorityQueue.c:80:6: error: 'for' loop initial declarations are only allowed in C99 or C11 mode
      for(int i = 0; i<spListGetSize(source->list)-1;i++){
      ^
..\SPBPriorityQueue.c:80:6: note: use option -std=c99, -std=gnu99, -std=c11 or -std=gnu11 to compile your code
Info: Nothing to build for try
14:05:42 **** Incremental Build of configuration Debug for project 2008 ****
Info: Internal Builder is used for build
gcc -o 2008.exe main.o 
c:/mingw/bin/../lib/gcc/mingw32/4.9.3/../../../libmingw32.a(main.o):(.text.startup+0xa7): undefined reference to `WinMain@16'
collect2.exe: error: ld returned 1 exit status
Info: Nothing to build for 2009
Info: Nothing to build for 2010
14:05:43 **** Incremental Build of configuration Debug for project 2011 ****
Info: Internal Builder is used for build
gcc -o 2011.exe main.o 
c:/mingw/bin/../lib/gcc/mingw32/4.9.3/../../../libmingw32.a(main.o):(.text.startup+0xa7): undefined reference to `WinMain@16'
collect2.exe: error: ld returned 1 exit status
Info: Nothing to build for 2012
Info: Nothing to build for HomeWork
Info: Nothing to build for exman2013
Info: Nothing to build for hw1
Info: Nothing to build for hw2
Info: Nothing to build for project22222
Info: Nothing to build for targil1
Info: Nothing to build for targil2
Info: Nothing to build for targil3
14:05:44 **** Incremental Build of configuration Debug for project SPFinalProject ****
Info: Internal Builder is used for build
gcc -O0 -g3 -Wall -c -fmessage-length=0 -o SPPoint.o "..\\SPPoint.c" 
..\SPPoint.c: In function 'spPointCreate':
..\SPPoint.c:34:2: error: 'for' loop initial declarations are only allowed in C99 or C11 mode
  for(int i=0; i<dim;i++){
  ^
..\SPPoint.c:34:2: note: use option -std=c99, -std=gnu99, -std=c11 or -std=gnu11 to compile your code
..\SPPoint.c: In function 'spPointL2SquaredDistance':
..\SPPoint.c:128:2: error: 'for' loop initial declarations are only allowed in C99 or C11 mode
  for(int i = 0; i<dim;i++){
  ^
Info: Nothing to build for try
14:06:23 **** Incremental Build of configuration Debug for project 2008 ****
Info: Internal Builder is used for build
gcc -o 2008.exe main.o 
c:/mingw/bin/../lib/gcc/mingw32/4.9.3/../../../libmingw32.a(main.o):(.text.startup+0xa7): undefined reference to `WinMain@16'
collect2.exe: error: ld returned 1 exit status
Info: Nothing to build for 2009
Info: Nothing to build for 2010
14:06:23 **** Incremental Build of configuration Debug for project 2011 ****
Info: Internal Builder is used for build
gcc -o 2011.exe main.o 
c:/mingw/bin/../lib/gcc/mingw32/4.9.3/../../../libmingw32.a(main.o):(.text.startup+0xa7): undefined reference to `WinMain@16'
collect2.exe: error: ld returned 1 exit status
Info: Nothing to build for 2012
Info: Nothing to build for HomeWork
Info: Nothing to build for exman2013
Info: Nothing to build for hw1
Info: Nothing to build for hw2
Info: Nothing to build for project22222
Info: Nothing to build for targil1
Info: Nothing to build for targil2
Info: Nothing to build for targil3
14:06:24 **** Incremental Build of configuration Debug for project SPFinalProject ****
Info: Internal Builder is used for build
gcc -O0 -g3 -Wall -c -fmessage-length=0 -o SPBPriorityQueue.o "..\\SPBPriorityQueue.c" 
..\SPBPriorityQueue.c: In function 'spBPQueueEnqueue':
..\SPBPriorityQueue.c:80:6: error: 'for' loop initial declarations are only allowed in C99 or C11 mode
      for(int i = 0; i<spListGetSize(source->list)-1;i++){
      ^
..\SPBPriorityQueue.c:80:6: note: use option -std=c99, -std=gnu99, -std=c11 or -std=gnu11 to compile your code
Info: Nothing to build for try
14:06:29 **** Incremental Build of configuration Debug for project 2008 ****
Info: Internal Builder is used for build
gcc -o 2008.exe main.o 
c:/mingw/bin/../lib/gcc/mingw32/4.9.3/../../../libmingw32.a(main.o):(.text.startup+0xa7): undefined reference to `WinMain@16'
collect2.exe: error: ld returned 1 exit status
Info: Nothing to build for 2009
Info: Nothing to build for 2010
14:06:29 **** Incremental Build of configuration Debug for project 2011 ****
Info: Internal Builder is used for build
gcc -o 2011.exe main.o 
c:/mingw/bin/../lib/gcc/mingw32/4.9.3/../../../libmingw32.a(main.o):(.text.startup+0xa7): undefined reference to `WinMain@16'
collect2.exe: error: ld returned 1 exit status
Info: Nothing to build for 2012
Info: Nothing to build for HomeWork
Info: Nothing to build for exman2013
Info: Nothing to build for hw1
Info: Nothing to build for hw2
Info: Nothing to build for project22222
Info: Nothing to build for targil1
Info: Nothing to build for targil2
Info: Nothing to build for targil3
14:06:30 **** Incremental Build of configuration Debug for project SPFinalProject ****
Info: Internal Builder is used for build
gcc -O0 -g3 -Wall -c -fmessage-length=0 -o KDTree.o "..\\KDTree.c" 
In file included from ..\KDTree.c:1:0:
..\KDTree.h:15:1: error: unknown type name 'KDTreeNode'
 KDTreeNode buildKDTree(SPKDArray array, int depth)
 ^
..\KDTree.h:15:24: error: unknown type name 'SPKDArray'
 KDTreeNode buildKDTree(SPKDArray array, int depth)
                        ^
..\KDTree.c:6:21: fatal error: SPLoger.h: No such file or directory
 #include "SPLoger.h"
                     ^
compilation terminated.
Info: Nothing to build for try
14:06:46 **** Incremental Build of configuration Debug for project 2008 ****
Info: Internal Builder is used for build
gcc -o 2008.exe main.o 
c:/mingw/bin/../lib/gcc/mingw32/4.9.3/../../../libmingw32.a(main.o):(.text.startup+0xa7): undefined reference to `WinMain@16'
collect2.exe: error: ld returned 1 exit status
Info: Nothing to build for 2009
Info: Nothing to build for 2010
14:06:46 **** Incremental Build of configuration Debug for project 2011 ****
Info: Internal Builder is used for build
gcc -o 2011.exe main.o 
c:/mingw/bin/../lib/gcc/mingw32/4.9.3/../../../libmingw32.a(main.o):(.text.startup+0xa7): undefined reference to `WinMain@16'
collect2.exe: error: ld returned 1 exit status
Info: Nothing to build for 2012
Info: Nothing to build for HomeWork
Info: Nothing to build for exman2013
Info: Nothing to build for hw1
Info: Nothing to build for hw2
Info: Nothing to build for project22222
Info: Nothing to build for targil1
Info: Nothing to build for targil2
Info: Nothing to build for targil3
14:06:47 **** Incremental Build of configuration Debug for project SPFinalProject ****
Info: Internal Builder is used for build
gcc -O0 -g3 -Wall -c -fmessage-length=0 -o SPPoint.o "..\\SPPoint.c" 
..\SPPoint.c: In function 'spPointCreate':
..\SPPoint.c:34:2: error: 'for' loop initial declarations are only allowed in C99 or C11 mode
  for(int i=0; i<dim;i++){
  ^
..\SPPoint.c:34:2: note: use option -std=c99, -std=gnu99, -std=c11 or -std=gnu11 to compile your code
..\SPPoint.c: In function 'spPointL2SquaredDistance':
..\SPPoint.c:128:2: error: 'for' loop initial declarations are only allowed in C99 or C11 mode
  for(int i = 0; i<dim;i++){
  ^
Info: Nothing to build for try
14:06:55 **** Incremental Build of configuration Debug for project 2008 ****
Info: Internal Builder is used for build
gcc -o 2008.exe main.o 
c:/mingw/bin/../lib/gcc/mingw32/4.9.3/../../../libmingw32.a(main.o):(.text.startup+0xa7): undefined reference to `WinMain@16'
collect2.exe: error: ld returned 1 exit status
Info: Nothing to build for 2009
Info: Nothing to build for 2010
14:06:55 **** Incremental Build of configuration Debug for project 2011 ****
Info: Internal Builder is used for build
gcc -o 2011.exe main.o 
c:/mingw/bin/../lib/gcc/mingw32/4.9.3/../../../libmingw32.a(main.o):(.text.startup+0xa7): undefined reference to `WinMain@16'
collect2.exe: error: ld returned 1 exit status
Info: Nothing to build for 2012
Info: Nothing to build for HomeWork
Info: Nothing to build for exman2013
Info: Nothing to build for hw1
Info: Nothing to build for hw2
Info: Nothing to build for project22222
Info: Nothing to build for targil1
Info: Nothing to build for targil2
Info: Nothing to build for targil3
14:06:56 **** Incremental Build of configuration Debug for project SPFinalProject ****
Info: Internal Builder is used for build
gcc -O0 -g3 -Wall -c -fmessage-length=0 -o SPPoint.o "..\\SPPoint.c" 
..\SPPoint.c: In function 'spPointCreate':
..\SPPoint.c:34:2: error: 'for' loop initial declarations are only allowed in C99 or C11 mode
  for(int i=0; i<dim;i++){
  ^
..\SPPoint.c:34:2: note: use option -std=c99, -std=gnu99, -std=c11 or -std=gnu11 to compile your code
..\SPPoint.c: In function 'spPointL2SquaredDistance':
..\SPPoint.c:128:2: error: 'for' loop initial declarations are only allowed in C99 or C11 mode
  for(int i = 0; i<dim;i++){
  ^
Info: Nothing to build for try
14:07:04 **** Incremental Build of configuration Debug for project 2008 ****
Info: Internal Builder is used for build
gcc -o 2008.exe main.o 
c:/mingw/bin/../lib/gcc/mingw32/4.9.3/../../../libmingw32.a(main.o):(.text.startup+0xa7): undefined reference to `WinMain@16'
collect2.exe: error: ld returned 1 exit status
Info: Nothing to build for 2009
Info: Nothing to build for 2010
14:07:04 **** Incremental Build of configuration Debug for project 2011 ****
Info: Internal Builder is used for build
gcc -o 2011.exe main.o 
c:/mingw/bin/../lib/gcc/mingw32/4.9.3/../../../libmingw32.a(main.o):(.text.startup+0xa7): undefined reference to `WinMain@16'
collect2.exe: error: ld returned 1 exit status
Info: Nothing to build for 2012
Info: Nothing to build for HomeWork
Info: Nothing to build for exman2013
Info: Nothing to build for hw1
Info: Nothing to build for hw2
Info: Nothing to build for project22222
Info: Nothing to build for targil1
Info: Nothing to build for targil2
Info: Nothing to build for targil3
14:07:05 **** Incremental Build of configuration Debug for project SPFinalProject ****
Info: Internal Builder is used for build
gcc -O0 -g3 -Wall -c -fmessage-length=0 -o SPBPriorityQueue.o "..\\SPBPriorityQueue.c" 
..\SPBPriorityQueue.c: In function 'spBPQueueEnqueue':
..\SPBPriorityQueue.c:80:6: error: 'for' loop initial declarations are only allowed in C99 or C11 mode
      for(int i = 0; i<spListGetSize(source->list)-1;i++){
      ^
..\SPBPriorityQueue.c:80:6: note: use option -std=c99, -std=gnu99, -std=c11 or -std=gnu11 to compile your code
Info: Nothing to build for try
14:07:10 **** Incremental Build of configuration Debug for project 2008 ****
Info: Internal Builder is used for build
gcc -o 2008.exe main.o 
c:/mingw/bin/../lib/gcc/mingw32/4.9.3/../../../libmingw32.a(main.o):(.text.startup+0xa7): undefined reference to `WinMain@16'
collect2.exe: error: ld returned 1 exit status
Info: Nothing to build for 2009
Info: Nothing to build for 2010
14:07:11 **** Incremental Build of configuration Debug for project 2011 ****
Info: Internal Builder is used for build
gcc -o 2011.exe main.o 
c:/mingw/bin/../lib/gcc/mingw32/4.9.3/../../../libmingw32.a(main.o):(.text.startup+0xa7): undefined reference to `WinMain@16'
collect2.exe: error: ld returned 1 exit status
Info: Nothing to build for 2012
Info: Nothing to build for HomeWork
Info: Nothing to build for exman2013
Info: Nothing to build for hw1
Info: Nothing to build for hw2
Info: Nothing to build for project22222
Info: Nothing to build for targil1
Info: Nothing to build for targil2
Info: Nothing to build for targil3
14:07:11 **** Incremental Build of configuration Debug for project SPFinalProject ****
Info: Internal Builder is used for build
gcc -O0 -g3 -Wall -c -fmessage-length=0 -o SPKDArray.o "..\\SPKDArray.c" 
In file included from ..\SPKDArray.c:7:0:
..\SPKDArray.h:18:25: error: unknown type name 'SPPoint'
 SPKDArray spKdarrayInit(SPPoint* arr, int size);
                         ^
..\SPKDArray.c: In function 'spKdarrayInit':
..\SPKDArray.c:19:19: error: expected expression before 'int'
  if (arr==NULL || int<=0)
                   ^
..\SPKDArray.c:24:15: warning: initialization from incompatible pointer type
  SPPoint* p = (SPPoint)malloc(size*sizeof(SPPoint));
               ^
..\SPKDArray.c:33:11: warning: assignment makes integer from pointer without a cast
   (*a)[i] = (int*)malloc(size*sizeof(int));
           ^
..\SPKDArray.c:34:14: warning: comparison between pointer and integer
   if((*a)[i] == NULL){//allocation fails
              ^
..\SPKDArray.c:42:3: warning: implicit declaration of function 'qsort_r' [-Wimplicit-function-declaration]
   qsort_r(p,size,sizeof(SPPoint),compByAxis,i);
   ^
..\SPKDArray.c:42:34: error: 'compByAxis' undeclared (first use in this function)
   qsort_r(p,size,sizeof(SPPoint),compByAxis,i);
                                  ^
..\SPKDArray.c:42:34: note: each undeclared identifier is reported only once for each function it appears in
..\SPKDArray.c:44:12: warning: assignment makes integer from pointer without a cast
    a[i][j] = p[j];
            ^
..\SPKDArray.c: At top level:
..\SPKDArray.c:57:53: error: expected identifier or '(' before '{' token
 SPKDArray spKdarraySplit(SPKDArray kdArr, int coor);{
                                                     ^
Info: Nothing to build for try
14:15:18 **** Incremental Build of configuration Debug for project 2008 ****
Info: Internal Builder is used for build
gcc -o 2008.exe main.o 
c:/mingw/bin/../lib/gcc/mingw32/4.9.3/../../../libmingw32.a(main.o):(.text.startup+0xa7): undefined reference to `WinMain@16'
collect2.exe: error: ld returned 1 exit status
Info: Nothing to build for 2009
Info: Nothing to build for 2010
14:15:18 **** Incremental Build of configuration Debug for project 2011 ****
Info: Internal Builder is used for build
gcc -o 2011.exe main.o 
c:/mingw/bin/../lib/gcc/mingw32/4.9.3/../../../libmingw32.a(main.o):(.text.startup+0xa7): undefined reference to `WinMain@16'
collect2.exe: error: ld returned 1 exit status
Info: Nothing to build for 2012
Info: Nothing to build for HomeWork
Info: Nothing to build for exman2013
Info: Nothing to build for hw1
Info: Nothing to build for hw2
Info: Nothing to build for project22222
Info: Nothing to build for targil1
Info: Nothing to build for targil2
Info: Nothing to build for targil3
14:15:19 **** Incremental Build of configuration Debug for project SPFinalProject ****
Info: Internal Builder is used for build
gcc -O0 -g3 -Wall -c -fmessage-length=0 -o SPKDArray.o "..\\SPKDArray.c" 
In file included from ..\SPKDArray.c:7:0:
..\SPKDArray.h:18:25: error: unknown type name 'SPPoint'
 SPKDArray spKdarrayInit(SPPoint* arr, int size);
                         ^
..\SPKDArray.c: In function 'spKdarrayInit':
..\SPKDArray.c:19:19: error: expected expression before 'int'
  if (arr==NULL || int<=0)
                   ^
..\SPKDArray.c:24:15: warning: initialization from incompatible pointer type
  SPPoint* p = (SPPoint)malloc(size*sizeof(SPPoint));
               ^
..\SPKDArray.c:33:11: warning: assignment makes integer from pointer without a cast
   (*a)[i] = (int*)malloc(size*sizeof(int));
           ^
..\SPKDArray.c:34:14: warning: comparison between pointer and integer
   if((*a)[i] == NULL){//allocation fails
              ^
..\SPKDArray.c:42:3: warning: implicit declaration of function 'qsort_r' [-Wimplicit-function-declaration]
   qsort_r(p,size,sizeof(SPPoint),compByAxis,i);
   ^
..\SPKDArray.c:42:34: error: 'compByAxis' undeclared (first use in this function)
   qsort_r(p,size,sizeof(SPPoint),compByAxis,i);
                                  ^
..\SPKDArray.c:42:34: note: each undeclared identifier is reported only once for each function it appears in
..\SPKDArray.c:44:12: warning: assignment makes integer from pointer without a cast
    a[i][j] = p[j];
            ^
..\SPKDArray.c: At top level:
..\SPKDArray.c:57:53: error: expected identifier or '(' before '{' token
 SPKDArray spKdarraySplit(SPKDArray kdArr, int coor);{
                                                     ^
Info: Nothing to build for try
14:26:16 **** Incremental Build of configuration Debug for project 2008 ****
Info: Internal Builder is used for build
gcc -o 2008.exe main.o 
c:/mingw/bin/../lib/gcc/mingw32/4.9.3/../../../libmingw32.a(main.o):(.text.startup+0xa7): undefined reference to `WinMain@16'
collect2.exe: error: ld returned 1 exit status
Info: Nothing to build for 2009
Info: Nothing to build for 2010
14:26:17 **** Incremental Build of configuration Debug for project 2011 ****
Info: Internal Builder is used for build
gcc -o 2011.exe main.o 
c:/mingw/bin/../lib/gcc/mingw32/4.9.3/../../../libmingw32.a(main.o):(.text.startup+0xa7): undefined reference to `WinMain@16'
collect2.exe: error: ld returned 1 exit status
Info: Nothing to build for 2012
Info: Nothing to build for HomeWork
Info: Nothing to build for exman2013
Info: Nothing to build for hw1
Info: Nothing to build for hw2
Info: Nothing to build for project22222
Info: Nothing to build for targil1
Info: Nothing to build for targil2
Info: Nothing to build for targil3
14:26:18 **** Incremental Build of configuration Debug for project SPFinalProject ****
Info: Internal Builder is used for build
gcc -O0 -g3 -Wall -c -fmessage-length=0 -o main.o "..\\main.c" 
..\main.c:7:1: warning: data definition has no type or storage class
 spImagesDirectory;
 ^
..\main.c:7:1: warning: type defaults to 'int' in declaration of 'spImagesDirectory' [-Wimplicit-int]
..\main.c:8:1: warning: data definition has no type or storage class
 spImagesPrefix;
 ^
..\main.c:8:1: warning: type defaults to 'int' in declaration of 'spImagesPrefix' [-Wimplicit-int]
..\main.c:9:1: warning: data definition has no type or storage class
 spImagesSuffix;
 ^
..\main.c:9:1: warning: type defaults to 'int' in declaration of 'spImagesSuffix' [-Wimplicit-int]
..\main.c:10:1: warning: data definition has no type or storage class
 spNumOfImages;
 ^
..\main.c:10:1: warning: type defaults to 'int' in declaration of 'spNumOfImages' [-Wimplicit-int]
..\main.c:11:1: warning: data definition has no type or storage class
 spPCADimension = 20;
 ^
..\main.c:11:1: warning: type defaults to 'int' in declaration of 'spPCADimension' [-Wimplicit-int]
..\main.c:12:1: warning: data definition has no type or storage class
 spPCAFileName = pca.yml;
 ^
..\main.c:12:1: warning: type defaults to 'int' in declaration of 'spPCAFileName' [-Wimplicit-int]
..\main.c:12:17: error: 'pca' undeclared here (not in a function)
 spPCAFileName = pca.yml;
                 ^
..\main.c:13:1: warning: data definition has no type or storage class
 spNumOfFeatures = 100;
 ^
..\main.c:13:1: warning: type defaults to 'int' in declaration of 'spNumOfFeatures' [-Wimplicit-int]
..\main.c:14:1: warning: data definition has no type or storage class
 spExtractionMode = true;
 ^
..\main.c:14:1: warning: type defaults to 'int' in declaration of 'spExtractionMode' [-Wimplicit-int]
..\main.c:14:20: error: 'true' undeclared here (not in a function)
 spExtractionMode = true;
                    ^
..\main.c:15:1: warning: data definition has no type or storage class
 spNumOfSimilarImages = 1;
 ^
..\main.c:15:1: warning: type defaults to 'int' in declaration of 'spNumOfSimilarImages' [-Wimplicit-int]
..\main.c:16:1: warning: data definition has no type or storage class
 spKDTreeSplitMethod = MAX_SPREAD;
 ^
..\main.c:16:1: warning: type defaults to 'int' in declaration of 'spKDTreeSplitMethod' [-Wimplicit-int]
..\main.c:16:23: error: 'MAX_SPREAD' undeclared here (not in a function)
 spKDTreeSplitMethod = MAX_SPREAD;
                       ^
..\main.c:17:1: warning: data definition has no type or storage class
 spKNN = 1;
 ^
..\main.c:17:1: warning: type defaults to 'int' in declaration of 'spKNN' [-Wimplicit-int]
..\main.c:18:1: warning: data definition has no type or storage class
 spMinimalGUI = false;
 ^
..\main.c:18:1: warning: type defaults to 'int' in declaration of 'spMinimalGUI' [-Wimplicit-int]
..\main.c:18:16: error: 'false' undeclared here (not in a function)
 spMinimalGUI = false;
                ^
..\main.c:19:1: warning: data definition has no type or storage class
 spLoggerLevel = 3;
 ^
..\main.c:19:1: warning: type defaults to 'int' in declaration of 'spLoggerLevel' [-Wimplicit-int]
..\main.c:20:1: warning: data definition has no type or storage class
 spLoggerFilename = stdout;
 ^
..\main.c:20:1: warning: type defaults to 'int' in declaration of 'spLoggerFilename' [-Wimplicit-int]
..\main.c:20:20: error: 'stdout' undeclared here (not in a function)
 spLoggerFilename = stdout;
                    ^
Info: Nothing to build for try
14:26:30 **** Incremental Build of configuration Debug for project 2008 ****
Info: Internal Builder is used for build
gcc -o 2008.exe main.o 
c:/mingw/bin/../lib/gcc/mingw32/4.9.3/../../../libmingw32.a(main.o):(.text.startup+0xa7): undefined reference to `WinMain@16'
collect2.exe: error: ld returned 1 exit status
Info: Nothing to build for 2009
Info: Nothing to build for 2010
14:26:30 **** Incremental Build of configuration Debug for project 2011 ****
Info: Internal Builder is used for build
gcc -o 2011.exe main.o 
c:/mingw/bin/../lib/gcc/mingw32/4.9.3/../../../libmingw32.a(main.o):(.text.startup+0xa7): undefined reference to `WinMain@16'
collect2.exe: error: ld returned 1 exit status
Info: Nothing to build for 2012
Info: Nothing to build for HomeWork
Info: Nothing to build for exman2013
Info: Nothing to build for hw1
Info: Nothing to build for hw2
Info: Nothing to build for project22222
Info: Nothing to build for targil1
Info: Nothing to build for targil2
Info: Nothing to build for targil3
14:26:31 **** Incremental Build of configuration Debug for project SPFinalProject ****
Info: Internal Builder is used for build
gcc -O0 -g3 -Wall -c -fmessage-length=0 -o SPBPriorityQueue.o "..\\SPBPriorityQueue.c" 
..\SPBPriorityQueue.c: In function 'spBPQueueEnqueue':
..\SPBPriorityQueue.c:80:6: error: 'for' loop initial declarations are only allowed in C99 or C11 mode
      for(int i = 0; i<spListGetSize(source->list)-1;i++){
      ^
..\SPBPriorityQueue.c:80:6: note: use option -std=c99, -std=gnu99, -std=c11 or -std=gnu11 to compile your code
Info: Nothing to build for try
14:26:52 **** Incremental Build of configuration Debug for project 2008 ****
Info: Internal Builder is used for build
gcc -o 2008.exe main.o 
c:/mingw/bin/../lib/gcc/mingw32/4.9.3/../../../libmingw32.a(main.o):(.text.startup+0xa7): undefined reference to `WinMain@16'
collect2.exe: error: ld returned 1 exit status
Info: Nothing to build for 2009
Info: Nothing to build for 2010
14:26:53 **** Incremental Build of configuration Debug for project 2011 ****
Info: Internal Builder is used for build
gcc -o 2011.exe main.o 
c:/mingw/bin/../lib/gcc/mingw32/4.9.3/../../../libmingw32.a(main.o):(.text.startup+0xa7): undefined reference to `WinMain@16'
collect2.exe: error: ld returned 1 exit status
Info: Nothing to build for 2012
Info: Nothing to build for HomeWork
Info: Nothing to build for exman2013
Info: Nothing to build for hw1
Info: Nothing to build for hw2
Info: Nothing to build for project22222
Info: Nothing to build for targil1
Info: Nothing to build for targil2
Info: Nothing to build for targil3
14:26:54 **** Incremental Build of configuration Debug for project SPFinalProject ****
Info: Internal Builder is used for build
gcc -O0 -g3 -Wall -c -fmessage-length=0 -o main.o "..\\main.c" 
..\main.c:7:1: warning: data definition has no type or storage class
 spImagesDirectory;
 ^
..\main.c:7:1: warning: type defaults to 'int' in declaration of 'spImagesDirectory' [-Wimplicit-int]
..\main.c:8:1: warning: data definition has no type or storage class
 spImagesPrefix;
 ^
..\main.c:8:1: warning: type defaults to 'int' in declaration of 'spImagesPrefix' [-Wimplicit-int]
..\main.c:9:1: warning: data definition has no type or storage class
 spImagesSuffix;
 ^
..\main.c:9:1: warning: type defaults to 'int' in declaration of 'spImagesSuffix' [-Wimplicit-int]
..\main.c:10:1: warning: data definition has no type or storage class
 spNumOfImages;
 ^
..\main.c:10:1: warning: type defaults to 'int' in declaration of 'spNumOfImages' [-Wimplicit-int]
..\main.c:11:1: warning: data definition has no type or storage class
 spPCADimension = 20;
 ^
..\main.c:11:1: warning: type defaults to 'int' in declaration of 'spPCADimension' [-Wimplicit-int]
..\main.c:12:1: warning: data definition has no type or storage class
 spPCAFileName = "pca.yml";
 ^
..\main.c:12:1: warning: type defaults to 'int' in declaration of 'spPCAFileName' [-Wimplicit-int]
..\main.c:12:17: warning: initialization makes integer from pointer without a cast
 spPCAFileName = "pca.yml";
                 ^
..\main.c:13:1: warning: data definition has no type or storage class
 spNumOfFeatures = 100;
 ^
..\main.c:13:1: warning: type defaults to 'int' in declaration of 'spNumOfFeatures' [-Wimplicit-int]
..\main.c:14:1: warning: data definition has no type or storage class
 spExtractionMode = true;
 ^
..\main.c:14:1: warning: type defaults to 'int' in declaration of 'spExtractionMode' [-Wimplicit-int]
..\main.c:14:20: error: 'true' undeclared here (not in a function)
 spExtractionMode = true;
                    ^
..\main.c:15:1: warning: data definition has no type or storage class
 spNumOfSimilarImages = 1;
 ^
..\main.c:15:1: warning: type defaults to 'int' in declaration of 'spNumOfSimilarImages' [-Wimplicit-int]
..\main.c:16:1: warning: data definition has no type or storage class
 spKDTreeSplitMethod = MAX_SPREAD;
 ^
..\main.c:16:1: warning: type defaults to 'int' in declaration of 'spKDTreeSplitMethod' [-Wimplicit-int]
..\main.c:16:23: error: 'MAX_SPREAD' undeclared here (not in a function)
 spKDTreeSplitMethod = MAX_SPREAD;
                       ^
..\main.c:17:1: warning: data definition has no type or storage class
 spKNN = 1;
 ^
..\main.c:17:1: warning: type defaults to 'int' in declaration of 'spKNN' [-Wimplicit-int]
..\main.c:18:1: warning: data definition has no type or storage class
 spMinimalGUI = false;
 ^
..\main.c:18:1: warning: type defaults to 'int' in declaration of 'spMinimalGUI' [-Wimplicit-int]
..\main.c:18:16: error: 'false' undeclared here (not in a function)
 spMinimalGUI = false;
                ^
..\main.c:19:1: warning: data definition has no type or storage class
 spLoggerLevel = 3;
 ^
..\main.c:19:1: warning: type defaults to 'int' in declaration of 'spLoggerLevel' [-Wimplicit-int]
..\main.c:20:1: warning: data definition has no type or storage class
 spLoggerFilename = "stdout";
 ^
..\main.c:20:1: warning: type defaults to 'int' in declaration of 'spLoggerFilename' [-Wimplicit-int]
..\main.c:20:20: warning: initialization makes integer from pointer without a cast
 spLoggerFilename = "stdout";
                    ^
..\main.c: In function 'main':
..\main.c:24:1: warning: control reaches end of non-void function [-Wreturn-type]
 }
 ^
Info: Nothing to build for try
14:28:27 **** Incremental Build of configuration Debug for project 2008 ****
Info: Internal Builder is used for build
gcc -o 2008.exe main.o 
c:/mingw/bin/../lib/gcc/mingw32/4.9.3/../../../libmingw32.a(main.o):(.text.startup+0xa7): undefined reference to `WinMain@16'
collect2.exe: error: ld returned 1 exit status
Info: Nothing to build for 2009
Info: Nothing to build for 2010
14:28:28 **** Incremental Build of configuration Debug for project 2011 ****
Info: Internal Builder is used for build
gcc -o 2011.exe main.o 
c:/mingw/bin/../lib/gcc/mingw32/4.9.3/../../../libmingw32.a(main.o):(.text.startup+0xa7): undefined reference to `WinMain@16'
collect2.exe: error: ld returned 1 exit status
Info: Nothing to build for 2012
Info: Nothing to build for HomeWork
Info: Nothing to build for exman2013
Info: Nothing to build for hw1
Info: Nothing to build for hw2
Info: Nothing to build for project22222
Info: Nothing to build for targil1
Info: Nothing to build for targil2
Info: Nothing to build for targil3
14:28:29 **** Incremental Build of configuration Debug for project SPFinalProject ****
Info: Internal Builder is used for build
gcc -O0 -g3 -Wall -c -fmessage-length=0 -o SPPoint.o "..\\SPPoint.c" 
..\SPPoint.c: In function 'spPointCreate':
..\SPPoint.c:34:2: error: 'for' loop initial declarations are only allowed in C99 or C11 mode
  for(int i=0; i<dim;i++){
  ^
..\SPPoint.c:34:2: note: use option -std=c99, -std=gnu99, -std=c11 or -std=gnu11 to compile your code
..\SPPoint.c: In function 'spPointL2SquaredDistance':
..\SPPoint.c:128:2: error: 'for' loop initial declarations are only allowed in C99 or C11 mode
  for(int i = 0; i<dim;i++){
  ^
Info: Nothing to build for try
14:28:32 **** Incremental Build of configuration Debug for project 2008 ****
Info: Internal Builder is used for build
gcc -o 2008.exe main.o 
c:/mingw/bin/../lib/gcc/mingw32/4.9.3/../../../libmingw32.a(main.o):(.text.startup+0xa7): undefined reference to `WinMain@16'
collect2.exe: error: ld returned 1 exit status
Info: Nothing to build for 2009
Info: Nothing to build for 2010
14:28:32 **** Incremental Build of configuration Debug for project 2011 ****
Info: Internal Builder is used for build
gcc -o 2011.exe main.o 
c:/mingw/bin/../lib/gcc/mingw32/4.9.3/../../../libmingw32.a(main.o):(.text.startup+0xa7): undefined reference to `WinMain@16'
collect2.exe: error: ld returned 1 exit status
Info: Nothing to build for 2012
Info: Nothing to build for HomeWork
Info: Nothing to build for exman2013
Info: Nothing to build for hw1
Info: Nothing to build for hw2
Info: Nothing to build for project22222
Info: Nothing to build for targil1
Info: Nothing to build for targil2
Info: Nothing to build for targil3
14:28:33 **** Incremental Build of configuration Debug for project SPFinalProject ****
Info: Internal Builder is used for build
gcc -O0 -g3 -Wall -c -fmessage-length=0 -o SPBPriorityQueue.o "..\\SPBPriorityQueue.c" 
..\SPBPriorityQueue.c: In function 'spBPQueueEnqueue':
..\SPBPriorityQueue.c:80:6: error: 'for' loop initial declarations are only allowed in C99 or C11 mode
      for(int i = 0; i<spListGetSize(source->list)-1;i++){
      ^
..\SPBPriorityQueue.c:80:6: note: use option -std=c99, -std=gnu99, -std=c11 or -std=gnu11 to compile your code
Info: Nothing to build for try
14:29:26 **** Incremental Build of configuration Debug for project 2008 ****
Info: Internal Builder is used for build
gcc -o 2008.exe main.o 
c:/mingw/bin/../lib/gcc/mingw32/4.9.3/../../../libmingw32.a(main.o):(.text.startup+0xa7): undefined reference to `WinMain@16'
collect2.exe: error: ld returned 1 exit status
Info: Nothing to build for 2009
Info: Nothing to build for 2010
14:29:27 **** Incremental Build of configuration Debug for project 2011 ****
Info: Internal Builder is used for build
gcc -o 2011.exe main.o 
c:/mingw/bin/../lib/gcc/mingw32/4.9.3/../../../libmingw32.a(main.o):(.text.startup+0xa7): undefined reference to `WinMain@16'
collect2.exe: error: ld returned 1 exit status
Info: Nothing to build for 2012
Info: Nothing to build for HomeWork
Info: Nothing to build for exman2013
Info: Nothing to build for hw1
Info: Nothing to build for hw2
Info: Nothing to build for project22222
Info: Nothing to build for targil1
Info: Nothing to build for targil2
Info: Nothing to build for targil3
14:29:28 **** Incremental Build of configuration Debug for project SPFinalProject ****
Info: Internal Builder is used for build
gcc -O0 -g3 -Wall -c -fmessage-length=0 -o SPKDArray.o "..\\SPKDArray.c" 
In file included from ..\SPKDArray.c:7:0:
..\SPKDArray.h:18:25: error: unknown type name 'SPPoint'
 SPKDArray spKdarrayInit(SPPoint* arr, int size);
                         ^
..\SPKDArray.c: In function 'spKdarrayInit':
..\SPKDArray.c:19:19: error: expected expression before 'int'
  if (arr==NULL || int<=0)
                   ^
..\SPKDArray.c:24:15: warning: initialization from incompatible pointer type
  SPPoint* p = (SPPoint)malloc(size*sizeof(SPPoint));
               ^
..\SPKDArray.c:33:11: warning: assignment makes integer from pointer without a cast
   (*a)[i] = (int*)malloc(size*sizeof(int));
           ^
..\SPKDArray.c:34:14: warning: comparison between pointer and integer
   if((*a)[i] == NULL){//allocation fails
              ^
..\SPKDArray.c:42:3: warning: implicit declaration of function 'qsort_r' [-Wimplicit-function-declaration]
   qsort_r(p,size,sizeof(SPPoint),compByAxis,i);
   ^
..\SPKDArray.c:42:34: error: 'compByAxis' undeclared (first use in this function)
   qsort_r(p,size,sizeof(SPPoint),compByAxis,i);
                                  ^
..\SPKDArray.c:42:34: note: each undeclared identifier is reported only once for each function it appears in
..\SPKDArray.c:44:12: warning: assignment makes integer from pointer without a cast
    a[i][j] = p[j];
            ^
..\SPKDArray.c: At top level:
..\SPKDArray.c:57:53: error: expected identifier or '(' before '{' token
 SPKDArray spKdarraySplit(SPKDArray kdArr, int coor);{
                                                     ^
Info: Nothing to build for try
14:29:31 **** Incremental Build of configuration Debug for project 2008 ****
Info: Internal Builder is used for build
gcc -o 2008.exe main.o 
c:/mingw/bin/../lib/gcc/mingw32/4.9.3/../../../libmingw32.a(main.o):(.text.startup+0xa7): undefined reference to `WinMain@16'
collect2.exe: error: ld returned 1 exit status
Info: Nothing to build for 2009
Info: Nothing to build for 2010
14:29:32 **** Incremental Build of configuration Debug for project 2011 ****
Info: Internal Builder is used for build
gcc -o 2011.exe main.o 
c:/mingw/bin/../lib/gcc/mingw32/4.9.3/../../../libmingw32.a(main.o):(.text.startup+0xa7): undefined reference to `WinMain@16'
collect2.exe: error: ld returned 1 exit status
Info: Nothing to build for 2012
Info: Nothing to build for HomeWork
Info: Nothing to build for exman2013
Info: Nothing to build for hw1
Info: Nothing to build for hw2
Info: Nothing to build for project22222
Info: Nothing to build for targil1
Info: Nothing to build for targil2
Info: Nothing to build for targil3
14:29:32 **** Incremental Build of configuration Debug for project SPFinalProject ****
Info: Internal Builder is used for build
gcc -O0 -g3 -Wall -c -fmessage-length=0 -o SPBPriorityQueue.o "..\\SPBPriorityQueue.c" 
..\SPBPriorityQueue.c: In function 'spBPQueueEnqueue':
..\SPBPriorityQueue.c:80:6: error: 'for' loop initial declarations are only allowed in C99 or C11 mode
      for(int i = 0; i<spListGetSize(source->list)-1;i++){
      ^
..\SPBPriorityQueue.c:80:6: note: use option -std=c99, -std=gnu99, -std=c11 or -std=gnu11 to compile your code
Info: Nothing to build for try
14:31:50 **** Incremental Build of configuration Debug for project 2008 ****
Info: Internal Builder is used for build
gcc -o 2008.exe main.o 
c:/mingw/bin/../lib/gcc/mingw32/4.9.3/../../../libmingw32.a(main.o):(.text.startup+0xa7): undefined reference to `WinMain@16'
collect2.exe: error: ld returned 1 exit status
Info: Nothing to build for 2009
Info: Nothing to build for 2010
14:31:51 **** Incremental Build of configuration Debug for project 2011 ****
Info: Internal Builder is used for build
gcc -o 2011.exe main.o 
c:/mingw/bin/../lib/gcc/mingw32/4.9.3/../../../libmingw32.a(main.o):(.text.startup+0xa7): undefined reference to `WinMain@16'
collect2.exe: error: ld returned 1 exit status
Info: Nothing to build for 2012
Info: Nothing to build for HomeWork
Info: Nothing to build for exman2013
Info: Nothing to build for hw1
Info: Nothing to build for hw2
Info: Nothing to build for project22222
Info: Nothing to build for targil1
Info: Nothing to build for targil2
Info: Nothing to build for targil3
Info: Nothing to build for try
14:32:20 **** Incremental Build of configuration Debug for project 2008 ****
Info: Internal Builder is used for build
gcc -o 2008.exe main.o 
c:/mingw/bin/../lib/gcc/mingw32/4.9.3/../../../libmingw32.a(main.o):(.text.startup+0xa7): undefined reference to `WinMain@16'
collect2.exe: error: ld returned 1 exit status
Info: Nothing to build for 2009
Info: Nothing to build for 2010
14:32:21 **** Incremental Build of configuration Debug for project 2011 ****
Info: Internal Builder is used for build
gcc -o 2011.exe main.o 
c:/mingw/bin/../lib/gcc/mingw32/4.9.3/../../../libmingw32.a(main.o):(.text.startup+0xa7): undefined reference to `WinMain@16'
collect2.exe: error: ld returned 1 exit status
Info: Nothing to build for 2012
Info: Nothing to build for HomeWork
Info: Nothing to build for exman2013
Info: Nothing to build for hw1
Info: Nothing to build for hw2
Info: Nothing to build for project22222
Info: Nothing to build for targil1
Info: Nothing to build for targil2
Info: Nothing to build for targil3
14:32:22 **** Rebuild of configuration Debug for project SPFinalProject ****
Info: Internal Builder is used for build
gcc -O0 -g3 -Wall -c -fmessage-length=0 -o SPListElement.o "..\\SPListElement.c" 
gcc -O0 -g3 -Wall -c -fmessage-length=0 -o KDTree.o "..\\KDTree.c" 
In file included from ..\KDTree.c:1:0:
..\KDTree.h:15:1: error: unknown type name 'KDTreeNode'
 KDTreeNode buildKDTree(SPKDArray array, int depth)
 ^
..\KDTree.h:15:24: error: unknown type name 'SPKDArray'
 KDTreeNode buildKDTree(SPKDArray array, int depth)
                        ^
In file included from ..\KDTree.c:8:0:
..\SPKDArray.c: In function 'spKdarrayInit':
..\SPKDArray.c:19:19: error: expected expression before 'int'
  if (arr==NULL || int<=0)
                   ^
..\SPKDArray.c:24:15: warning: initialization from incompatible pointer type
  SPPoint* p = (SPPoint)malloc(size*sizeof(SPPoint));
               ^
..\SPKDArray.c:33:11: warning: assignment makes integer from pointer without a cast
   (*a)[i] = (int*)malloc(size*sizeof(int));
           ^
..\SPKDArray.c:34:14: warning: comparison between pointer and integer
   if((*a)[i] == NULL){//allocation fails
              ^
..\SPKDArray.c:42:3: warning: implicit declaration of function 'qsort_r' [-Wimplicit-function-declaration]
   qsort_r(p,size,sizeof(SPPoint),compByAxis,i);
   ^
..\SPKDArray.c:42:34: error: 'compByAxis' undeclared (first use in this function)
   qsort_r(p,size,sizeof(SPPoint),compByAxis,i);
                                  ^
..\SPKDArray.c:42:34: note: each undeclared identifier is reported only once for each function it appears in
..\SPKDArray.c:44:12: warning: assignment makes integer from pointer without a cast
    a[i][j] = p[j];
            ^
..\SPKDArray.c: At top level:
..\SPKDArray.c:57:53: error: expected identifier or '(' before '{' token
 SPKDArray spKdarraySplit(SPKDArray kdArr, int coor);{
                                                     ^
..\KDTree.c:15:1: warning: useless storage class specifier in empty declaration
 };
 ^
..\KDTree.c: In function 'buildKDTree':
..\KDTree.c:18:32: error: expected ')' before ';' token
  if(array->size == 0 || depth<0;)
                                ^
..\KDTree.c:19:3: warning: return makes pointer from integer without a cast
   return SP_KDTREE_INVALID_ARGUMENT;
   ^
..\KDTree.c:42:4: warning: implicit declaration of function 'medianX' [-Wimplicit-function-declaration]
    SPPoint l = medianX(array);
    ^
..\KDTree.c:42:16: warning: initialization makes pointer from integer without a cast
    SPPoint l = medianX(array);
                ^
..\KDTree.c:43:40: error: dereferencing pointer to incomplete type
    left,right = spKdarraySplit(array, l->data[0]);
                                        ^
..\KDTree.c:43:8: warning: left-hand operand of comma expression has no effect [-Wunused-value]
    left,right = spKdarraySplit(array, l->data[0]);
        ^
..\KDTree.c:44:18: error: dereferencing pointer to incomplete type
    kdtree->Dim =l->data[0];
                  ^
..\KDTree.c:48:4: warning: implicit declaration of function 'medianY' [-Wimplicit-function-declaration]
    SPPoint l = medianY(array);
    ^
..\KDTree.c:48:16: warning: initialization makes pointer from integer without a cast
    SPPoint l = medianY(array);
                ^
..\KDTree.c:49:40: error: dereferencing pointer to incomplete type
    left,right = spKdarraySplit(array, l->data[1]);
                                        ^
..\KDTree.c:49:8: warning: left-hand operand of comma expression has no effect [-Wunused-value]
    left,right = spKdarraySplit(array, l->data[1]);
        ^
..\KDTree.c:50:18: error: dereferencing pointer to incomplete type
    kdtree->Dim =l->data[1];
                  ^
..\KDTree.c:52:30: warning: passing argument 1 of 'buildKDTree' from incompatible pointer type
   kdtree->left = buildKDTree(left, depth+1)
                              ^
..\KDTree.c:17:14: note: expected 'SPKDArray' but argument is of type 'SPKDTreeNode'
 SPKDTreeNode buildKDTree(SPKDArray array, int depth){
              ^
..\KDTree.c:53:3: error: expected ';' before 'kdtree'
   kdtree->left = buildKDTree(right, depth+1)
   ^
..\KDTree.c:30:11: warning: unused variable 'l' [-Wunused-variable]
   SPPoint l;
           ^
Info: Nothing to build for try
14:34:12 **** Incremental Build of configuration Debug for project 2008 ****
Info: Internal Builder is used for build
gcc -o 2008.exe main.o 
c:/mingw/bin/../lib/gcc/mingw32/4.9.3/../../../libmingw32.a(main.o):(.text.startup+0xa7): undefined reference to `WinMain@16'
collect2.exe: error: ld returned 1 exit status
Info: Nothing to build for 2009
Info: Nothing to build for 2010
14:34:13 **** Incremental Build of configuration Debug for project 2011 ****
Info: Internal Builder is used for build
gcc -o 2011.exe main.o 
c:/mingw/bin/../lib/gcc/mingw32/4.9.3/../../../libmingw32.a(main.o):(.text.startup+0xa7): undefined reference to `WinMain@16'
collect2.exe: error: ld returned 1 exit status
Info: Nothing to build for 2012
Info: Nothing to build for HomeWork
Info: Nothing to build for exman2013
Info: Nothing to build for hw1
Info: Nothing to build for hw2
Info: Nothing to build for project22222
Info: Nothing to build for targil1
Info: Nothing to build for targil2
Info: Nothing to build for targil3
14:34:14 **** Incremental Build of configuration Debug for project SPFinalProject ****
Info: Internal Builder is used for build
gcc -O0 -g3 -Wall -c -fmessage-length=0 -o KDTree.o "..\\KDTree.c" 
In file included from ..\KDTree.c:1:0:
..\KDTree.h:15:1: error: unknown type name 'KDTreeNode'
 KDTreeNode buildKDTree(SPKDArray array, int depth)
 ^
..\KDTree.h:15:24: error: unknown type name 'SPKDArray'
 KDTreeNode buildKDTree(SPKDArray array, int depth)
                        ^
In file included from ..\KDTree.c:8:0:
..\SPKDArray.c: In function 'spKdarrayInit':
..\SPKDArray.c:19:19: error: expected expression before 'int'
  if (arr==NULL || int<=0)
                   ^
..\SPKDArray.c:24:15: warning: initialization from incompatible pointer type
  SPPoint* p = (SPPoint)malloc(size*sizeof(SPPoint));
               ^
..\SPKDArray.c:33:11: warning: assignment makes integer from pointer without a cast
   (*a)[i] = (int*)malloc(size*sizeof(int));
           ^
..\SPKDArray.c:34:14: warning: comparison between pointer and integer
   if((*a)[i] == NULL){//allocation fails
              ^
..\SPKDArray.c:42:3: warning: implicit declaration of function 'qsort_r' [-Wimplicit-function-declaration]
   qsort_r(p,size,sizeof(SPPoint),compByAxis,i);
   ^
..\SPKDArray.c:42:34: error: 'compByAxis' undeclared (first use in this function)
   qsort_r(p,size,sizeof(SPPoint),compByAxis,i);
                                  ^
..\SPKDArray.c:42:34: note: each undeclared identifier is reported only once for each function it appears in
..\SPKDArray.c:44:12: warning: assignment makes integer from pointer without a cast
    a[i][j] = p[j];
            ^
..\SPKDArray.c: At top level:
..\SPKDArray.c:57:53: error: expected identifier or '(' before '{' token
 SPKDArray spKdarraySplit(SPKDArray kdArr, int coor);{
                                                     ^
..\KDTree.c:15:1: warning: useless storage class specifier in empty declaration
 };
 ^
..\KDTree.c: In function 'buildKDTree':
..\KDTree.c:18:32: error: expected ')' before ';' token
  if(array->size == 0 || depth<0;)
                                ^
..\KDTree.c:19:3: warning: return makes pointer from integer without a cast
   return SP_KDTREE_INVALID_ARGUMENT;
   ^
..\KDTree.c:42:4: warning: implicit declaration of function 'medianX' [-Wimplicit-function-declaration]
    SPPoint l = medianX(array);
    ^
..\KDTree.c:42:16: warning: initialization makes pointer from integer without a cast
    SPPoint l = medianX(array);
                ^
..\KDTree.c:43:40: error: dereferencing pointer to incomplete type
    left,right = spKdarraySplit(array, l->data[0]);
                                        ^
..\KDTree.c:43:8: warning: left-hand operand of comma expression has no effect [-Wunused-value]
    left,right = spKdarraySplit(array, l->data[0]);
        ^
..\KDTree.c:44:18: error: dereferencing pointer to incomplete type
    kdtree->Dim =l->data[0];
                  ^
..\KDTree.c:48:4: warning: implicit declaration of function 'medianY' [-Wimplicit-function-declaration]
    SPPoint l = medianY(array);
    ^
..\KDTree.c:48:16: warning: initialization makes pointer from integer without a cast
    SPPoint l = medianY(array);
                ^
..\KDTree.c:49:40: error: dereferencing pointer to incomplete type
    left,right = spKdarraySplit(array, l->data[1]);
                                        ^
..\KDTree.c:49:8: warning: left-hand operand of comma expression has no effect [-Wunused-value]
    left,right = spKdarraySplit(array, l->data[1]);
        ^
..\KDTree.c:50:18: error: dereferencing pointer to incomplete type
    kdtree->Dim =l->data[1];
                  ^
..\KDTree.c:52:30: warning: passing argument 1 of 'buildKDTree' from incompatible pointer type
   kdtree->left = buildKDTree(left, depth+1)
                              ^
..\KDTree.c:17:14: note: expected 'SPKDArray' but argument is of type 'SPKDTreeNode'
 SPKDTreeNode buildKDTree(SPKDArray array, int depth){
              ^
..\KDTree.c:53:3: error: expected ';' before 'kdtree'
   kdtree->left = buildKDTree(right, depth+1)
   ^
..\KDTree.c:30:11: warning: unused variable 'l' [-Wunused-variable]
   SPPoint l;
           ^
Info: Nothing to build for try
14:34:17 **** Incremental Build of configuration Debug for project 2008 ****
Info: Internal Builder is used for build
gcc -o 2008.exe main.o 
c:/mingw/bin/../lib/gcc/mingw32/4.9.3/../../../libmingw32.a(main.o):(.text.startup+0xa7): undefined reference to `WinMain@16'
collect2.exe: error: ld returned 1 exit status
Info: Nothing to build for 2009
Info: Nothing to build for 2010
14:34:18 **** Incremental Build of configuration Debug for project 2011 ****
Info: Internal Builder is used for build
gcc -o 2011.exe main.o 
c:/mingw/bin/../lib/gcc/mingw32/4.9.3/../../../libmingw32.a(main.o):(.text.startup+0xa7): undefined reference to `WinMain@16'
collect2.exe: error: ld returned 1 exit status
Info: Nothing to build for 2012
Info: Nothing to build for HomeWork
Info: Nothing to build for exman2013
Info: Nothing to build for hw1
Info: Nothing to build for hw2
Info: Nothing to build for project22222
Info: Nothing to build for targil1
Info: Nothing to build for targil2
Info: Nothing to build for targil3
14:34:19 **** Incremental Build of configuration Debug for project SPFinalProject ****
Info: Internal Builder is used for build
gcc -O0 -g3 -Wall -c -fmessage-length=0 -o KDTree.o "..\\KDTree.c" 
In file included from ..\KDTree.c:1:0:
..\KDTree.h:15:1: error: unknown type name 'KDTreeNode'
 KDTreeNode buildKDTree(SPKDArray array, int depth)
 ^
..\KDTree.h:15:24: error: unknown type name 'SPKDArray'
 KDTreeNode buildKDTree(SPKDArray array, int depth)
                        ^
In file included from ..\KDTree.c:8:0:
..\SPKDArray.c: In function 'spKdarrayInit':
..\SPKDArray.c:19:19: error: expected expression before 'int'
  if (arr==NULL || int<=0)
                   ^
..\SPKDArray.c:24:15: warning: initialization from incompatible pointer type
  SPPoint* p = (SPPoint)malloc(size*sizeof(SPPoint));
               ^
..\SPKDArray.c:33:11: warning: assignment makes integer from pointer without a cast
   (*a)[i] = (int*)malloc(size*sizeof(int));
           ^
..\SPKDArray.c:34:14: warning: comparison between pointer and integer
   if((*a)[i] == NULL){//allocation fails
              ^
..\SPKDArray.c:42:3: warning: implicit declaration of function 'qsort_r' [-Wimplicit-function-declaration]
   qsort_r(p,size,sizeof(SPPoint),compByAxis,i);
   ^
..\SPKDArray.c:42:34: error: 'compByAxis' undeclared (first use in this function)
   qsort_r(p,size,sizeof(SPPoint),compByAxis,i);
                                  ^
..\SPKDArray.c:42:34: note: each undeclared identifier is reported only once for each function it appears in
..\SPKDArray.c:44:12: warning: assignment makes integer from pointer without a cast
    a[i][j] = p[j];
            ^
..\SPKDArray.c: At top level:
..\SPKDArray.c:57:53: error: expected identifier or '(' before '{' token
 SPKDArray spKdarraySplit(SPKDArray kdArr, int coor);{
                                                     ^
..\KDTree.c:15:1: warning: useless storage class specifier in empty declaration
 };
 ^
..\KDTree.c: In function 'buildKDTree':
..\KDTree.c:18:32: error: expected ')' before ';' token
  if(array->size == 0 || depth<0;)
                                ^
..\KDTree.c:19:3: warning: return makes pointer from integer without a cast
   return SP_KDTREE_INVALID_ARGUMENT;
   ^
..\KDTree.c:42:4: warning: implicit declaration of function 'medianX' [-Wimplicit-function-declaration]
    SPPoint l = medianX(array);
    ^
..\KDTree.c:42:16: warning: initialization makes pointer from integer without a cast
    SPPoint l = medianX(array);
                ^
..\KDTree.c:43:40: error: dereferencing pointer to incomplete type
    left,right = spKdarraySplit(array, l->data[0]);
                                        ^
..\KDTree.c:43:8: warning: left-hand operand of comma expression has no effect [-Wunused-value]
    left,right = spKdarraySplit(array, l->data[0]);
        ^
..\KDTree.c:44:18: error: dereferencing pointer to incomplete type
    kdtree->Dim =l->data[0];
                  ^
..\KDTree.c:48:4: warning: implicit declaration of function 'medianY' [-Wimplicit-function-declaration]
    SPPoint l = medianY(array);
    ^
..\KDTree.c:48:16: warning: initialization makes pointer from integer without a cast
    SPPoint l = medianY(array);
                ^
..\KDTree.c:49:40: error: dereferencing pointer to incomplete type
    left,right = spKdarraySplit(array, l->data[1]);
                                        ^
..\KDTree.c:49:8: warning: left-hand operand of comma expression has no effect [-Wunused-value]
    left,right = spKdarraySplit(array, l->data[1]);
        ^
..\KDTree.c:50:18: error: dereferencing pointer to incomplete type
    kdtree->Dim =l->data[1];
                  ^
..\KDTree.c:52:30: warning: passing argument 1 of 'buildKDTree' from incompatible pointer type
   kdtree->left = buildKDTree(left, depth+1)
                              ^
..\KDTree.c:17:14: note: expected 'SPKDArray' but argument is of type 'SPKDTreeNode'
 SPKDTreeNode buildKDTree(SPKDArray array, int depth){
              ^
..\KDTree.c:53:3: error: expected ';' before 'kdtree'
   kdtree->left = buildKDTree(right, depth+1)
   ^
..\KDTree.c:30:11: warning: unused variable 'l' [-Wunused-variable]
   SPPoint l;
           ^
Info: Nothing to build for try
14:36:15 **** Incremental Build of configuration Debug for project 2008 ****
Info: Internal Builder is used for build
gcc -o 2008.exe main.o 
c:/mingw/bin/../lib/gcc/mingw32/4.9.3/../../../libmingw32.a(main.o):(.text.startup+0xa7): undefined reference to `WinMain@16'
collect2.exe: error: ld returned 1 exit status
Info: Nothing to build for 2009
Info: Nothing to build for 2010
14:36:16 **** Incremental Build of configuration Debug for project 2011 ****
Info: Internal Builder is used for build
gcc -o 2011.exe main.o 
c:/mingw/bin/../lib/gcc/mingw32/4.9.3/../../../libmingw32.a(main.o):(.text.startup+0xa7): undefined reference to `WinMain@16'
collect2.exe: error: ld returned 1 exit status
Info: Nothing to build for 2012
Info: Nothing to build for HomeWork
Info: Nothing to build for exman2013
Info: Nothing to build for hw1
Info: Nothing to build for hw2
Info: Nothing to build for project22222
Info: Nothing to build for targil1
Info: Nothing to build for targil2
Info: Nothing to build for targil3
14:36:17 **** Incremental Build of configuration Debug for project SPFinalProject ****
Info: Internal Builder is used for build
g++ "-IC:\\opencv\\build\\include" -O0 -g3 -Wall -c -fmessage-length=0 -std=c99 -o SPImageProc.o "..\\SPImageProc.cpp" 
cc1plus.exe: warning: command line option '-std=c99' is valid for C/ObjC but not for C++
In file included from ..\SPImageProc.cpp:10:0:
..\SPImageProc.h:19:27: warning: non-static data member initializers only available with -std=c++11 or -std=gnu++11
  const char* windowName = "Software Project CBIR";
                           ^
g++ "-IC:\\opencv\\build\\include" -O0 -g3 -Wall -c -fmessage-length=0 -std=c99 -o main.o "..\\main.cpp" 
cc1plus.exe: warning: command line option '-std=c99' is valid for C/ObjC but not for C++
..\main.cpp:9:22: fatal error: cstdbool.h: No such file or directory
 #include <cstdbool.h>
                      ^
compilation terminated.
Info: Nothing to build for try
14:40:35 **** Incremental Build of configuration Debug for project 2008 ****
Info: Internal Builder is used for build
gcc -o 2008.exe main.o 
c:/mingw/bin/../lib/gcc/mingw32/4.9.3/../../../libmingw32.a(main.o):(.text.startup+0xa7): undefined reference to `WinMain@16'
collect2.exe: error: ld returned 1 exit status
Info: Nothing to build for 2009
Info: Nothing to build for 2010
14:40:36 **** Incremental Build of configuration Debug for project 2011 ****
Info: Internal Builder is used for build
gcc -o 2011.exe main.o 
c:/mingw/bin/../lib/gcc/mingw32/4.9.3/../../../libmingw32.a(main.o):(.text.startup+0xa7): undefined reference to `WinMain@16'
collect2.exe: error: ld returned 1 exit status
Info: Nothing to build for 2012
Info: Nothing to build for HomeWork
Info: Nothing to build for exman2013
Info: Nothing to build for hw1
Info: Nothing to build for hw2
Info: Nothing to build for project22222
Info: Nothing to build for targil1
Info: Nothing to build for targil2
Info: Nothing to build for targil3
14:40:37 **** Incremental Build of configuration Debug for project SPFinalProject ****
Info: Internal Builder is used for build
g++ "-IC:\\opencv\\build\\include" -O0 -g3 -Wall -c -fmessage-length=0 -std=c99 -o main.o "..\\main.cpp" 
cc1plus.exe: warning: command line option '-std=c99' is valid for C/ObjC but not for C++
..\main.cpp:9:22: fatal error: cstdbool.h: No such file or directory
 #include <cstdbool.h>
                      ^
compilation terminated.
Info: Nothing to build for try
14:40:42 **** Incremental Build of configuration Debug for project 2008 ****
Info: Internal Builder is used for build
gcc -o 2008.exe main.o 
c:/mingw/bin/../lib/gcc/mingw32/4.9.3/../../../libmingw32.a(main.o):(.text.startup+0xa7): undefined reference to `WinMain@16'
collect2.exe: error: ld returned 1 exit status
Info: Nothing to build for 2009
Info: Nothing to build for 2010
14:40:43 **** Incremental Build of configuration Debug for project 2011 ****
Info: Internal Builder is used for build
gcc -o 2011.exe main.o 
c:/mingw/bin/../lib/gcc/mingw32/4.9.3/../../../libmingw32.a(main.o):(.text.startup+0xa7): undefined reference to `WinMain@16'
collect2.exe: error: ld returned 1 exit status
Info: Nothing to build for 2012
Info: Nothing to build for HomeWork
Info: Nothing to build for exman2013
Info: Nothing to build for hw1
Info: Nothing to build for hw2
Info: Nothing to build for project22222
Info: Nothing to build for targil1
Info: Nothing to build for targil2
Info: Nothing to build for targil3
14:40:44 **** Incremental Build of configuration Debug for project SPFinalProject ****
Info: Internal Builder is used for build
gcc -O0 -g3 -Wall -c -fmessage-length=0 -o SPKDArray.o "..\\SPKDArray.c" 
In file included from ..\SPKDArray.c:7:0:
..\SPKDArray.h:18:25: error: unknown type name 'SPPoint'
 SPKDArray spKdarrayInit(SPPoint* arr, int size);
                         ^
..\SPKDArray.c: In function 'spKdarrayInit':
..\SPKDArray.c:19:19: error: expected expression before 'int'
  if (arr==NULL || int<=0)
                   ^
..\SPKDArray.c:24:15: warning: initialization from incompatible pointer type
  SPPoint* p = (SPPoint)malloc(size*sizeof(SPPoint));
               ^
..\SPKDArray.c:33:11: warning: assignment makes integer from pointer without a cast
   (*a)[i] = (int*)malloc(size*sizeof(int));
           ^
..\SPKDArray.c:34:14: warning: comparison between pointer and integer
   if((*a)[i] == NULL){//allocation fails
              ^
..\SPKDArray.c:42:3: warning: implicit declaration of function 'qsort_r' [-Wimplicit-function-declaration]
   qsort_r(p,size,sizeof(SPPoint),compByAxis,i);
   ^
..\SPKDArray.c:42:34: error: 'compByAxis' undeclared (first use in this function)
   qsort_r(p,size,sizeof(SPPoint),compByAxis,i);
                                  ^
..\SPKDArray.c:42:34: note: each undeclared identifier is reported only once for each function it appears in
..\SPKDArray.c:44:12: warning: assignment makes integer from pointer without a cast
    a[i][j] = p[j];
            ^
..\SPKDArray.c: At top level:
..\SPKDArray.c:57:53: error: expected identifier or '(' before '{' token
 SPKDArray spKdarraySplit(SPKDArray kdArr, int coor);{
                                                     ^
Info: Nothing to build for try
15:02:57 **** Incremental Build of configuration Debug for project 2008 ****
Info: Internal Builder is used for build
gcc -o 2008.exe main.o 
c:/mingw/bin/../lib/gcc/mingw32/4.9.3/../../../libmingw32.a(main.o):(.text.startup+0xa7): undefined reference to `WinMain@16'
collect2.exe: error: ld returned 1 exit status
Info: Nothing to build for 2009
Info: Nothing to build for 2010
15:02:58 **** Incremental Build of configuration Debug for project 2011 ****
Info: Internal Builder is used for build
gcc -o 2011.exe main.o 
c:/mingw/bin/../lib/gcc/mingw32/4.9.3/../../../libmingw32.a(main.o):(.text.startup+0xa7): undefined reference to `WinMain@16'
collect2.exe: error: ld returned 1 exit status
Info: Nothing to build for 2012
Info: Nothing to build for HomeWork
Info: Nothing to build for exman2013
Info: Nothing to build for hw1
Info: Nothing to build for hw2
Info: Nothing to build for project22222
Info: Nothing to build for targil1
Info: Nothing to build for targil2
Info: Nothing to build for targil3
15:02:59 **** Incremental Build of configuration Debug for project SPFinalProject ****
Info: Internal Builder is used for build
gcc -O0 -g3 -Wall -c -fmessage-length=0 -o SPKDArray.o "..\\SPKDArray.c" 
In file included from ..\SPKDArray.c:7:0:
..\SPKDArray.h:18:25: error: unknown type name 'SPPoint'
 SPKDArray spKdarrayInit(SPPoint* arr, int size);
                         ^
..\SPKDArray.c: In function 'spKdarrayInit':
..\SPKDArray.c:19:19: error: expected expression before 'int'
  if (arr==NULL || int<=0)
                   ^
..\SPKDArray.c:24:15: warning: initialization from incompatible pointer type
  SPPoint* p = (SPPoint)malloc(size*sizeof(SPPoint));
               ^
..\SPKDArray.c:33:11: warning: assignment makes integer from pointer without a cast
   (*a)[i] = (int*)malloc(size*sizeof(int));
           ^
..\SPKDArray.c:34:14: warning: comparison between pointer and integer
   if((*a)[i] == NULL){//allocation fails
              ^
..\SPKDArray.c:42:3: warning: implicit declaration of function 'qsort_r' [-Wimplicit-function-declaration]
   qsort_r(p,size,sizeof(SPPoint),compByAxis,i);
   ^
..\SPKDArray.c:42:34: error: 'compByAxis' undeclared (first use in this function)
   qsort_r(p,size,sizeof(SPPoint),compByAxis,i);
                                  ^
..\SPKDArray.c:42:34: note: each undeclared identifier is reported only once for each function it appears in
..\SPKDArray.c:44:12: warning: assignment makes integer from pointer without a cast
    a[i][j] = p[j];
            ^
..\SPKDArray.c: At top level:
..\SPKDArray.c:57:53: error: expected identifier or '(' before '{' token
 SPKDArray spKdarraySplit(SPKDArray kdArr, int coor);{
                                                     ^
Info: Nothing to build for try
15:12:47 **** Incremental Build of configuration Debug for project 2008 ****
Info: Internal Builder is used for build
gcc -o 2008.exe main.o 
c:/mingw/bin/../lib/gcc/mingw32/4.9.3/../../../libmingw32.a(main.o):(.text.startup+0xa7): undefined reference to `WinMain@16'
collect2.exe: error: ld returned 1 exit status
Info: Nothing to build for 2009
Info: Nothing to build for 2010
15:12:47 **** Incremental Build of configuration Debug for project 2011 ****
Info: Internal Builder is used for build
gcc -o 2011.exe main.o 
c:/mingw/bin/../lib/gcc/mingw32/4.9.3/../../../libmingw32.a(main.o):(.text.startup+0xa7): undefined reference to `WinMain@16'
collect2.exe: error: ld returned 1 exit status
Info: Nothing to build for 2012
Info: Nothing to build for HomeWork
Info: Nothing to build for exman2013
Info: Nothing to build for hw1
Info: Nothing to build for hw2
Info: Nothing to build for project22222
Info: Nothing to build for targil1
Info: Nothing to build for targil2
Info: Nothing to build for targil3
15:12:48 **** Incremental Build of configuration Debug for project SPFinalProject ****
Info: Internal Builder is used for build
gcc -O0 -g3 -Wall -c -fmessage-length=0 -o SPPoint.o "..\\SPPoint.c" 
..\SPPoint.c: In function 'spPointCreate':
..\SPPoint.c:34:2: error: 'for' loop initial declarations are only allowed in C99 or C11 mode
  for(int i=0; i<dim;i++){
  ^
..\SPPoint.c:34:2: note: use option -std=c99, -std=gnu99, -std=c11 or -std=gnu11 to compile your code
..\SPPoint.c: In function 'spPointL2SquaredDistance':
..\SPPoint.c:128:2: error: 'for' loop initial declarations are only allowed in C99 or C11 mode
  for(int i = 0; i<dim;i++){
  ^
Info: Nothing to build for try
15:12:59 **** Incremental Build of configuration Debug for project 2008 ****
Info: Internal Builder is used for build
gcc -o 2008.exe main.o 
c:/mingw/bin/../lib/gcc/mingw32/4.9.3/../../../libmingw32.a(main.o):(.text.startup+0xa7): undefined reference to `WinMain@16'
collect2.exe: error: ld returned 1 exit status
Info: Nothing to build for 2009
Info: Nothing to build for 2010
15:13:00 **** Incremental Build of configuration Debug for project 2011 ****
Info: Internal Builder is used for build
gcc -o 2011.exe main.o 
c:/mingw/bin/../lib/gcc/mingw32/4.9.3/../../../libmingw32.a(main.o):(.text.startup+0xa7): undefined reference to `WinMain@16'
collect2.exe: error: ld returned 1 exit status
Info: Nothing to build for 2012
Info: Nothing to build for HomeWork
Info: Nothing to build for exman2013
Info: Nothing to build for hw1
Info: Nothing to build for hw2
Info: Nothing to build for project22222
Info: Nothing to build for targil1
Info: Nothing to build for targil2
Info: Nothing to build for targil3
15:13:01 **** Incremental Build of configuration Debug for project SPFinalProject ****
Info: Internal Builder is used for build
gcc -O0 -g3 -Wall -c -fmessage-length=0 -o SPList.o "..\\SPList.c" 
gcc -O0 -g3 -Wall -c -fmessage-length=0 -o SPPoint.o "..\\SPPoint.c" 
..\SPPoint.c: In function 'spPointCreate':
..\SPPoint.c:34:2: error: 'for' loop initial declarations are only allowed in C99 or C11 mode
  for(int i=0; i<dim;i++){
  ^
..\SPPoint.c:34:2: note: use option -std=c99, -std=gnu99, -std=c11 or -std=gnu11 to compile your code
..\SPPoint.c: In function 'spPointL2SquaredDistance':
..\SPPoint.c:128:2: error: 'for' loop initial declarations are only allowed in C99 or C11 mode
  for(int i = 0; i<dim;i++){
  ^
Info: Nothing to build for try
15:13:30 **** Incremental Build of configuration Debug for project 2008 ****
Info: Internal Builder is used for build
gcc -o 2008.exe main.o 
c:/mingw/bin/../lib/gcc/mingw32/4.9.3/../../../libmingw32.a(main.o):(.text.startup+0xa7): undefined reference to `WinMain@16'
collect2.exe: error: ld returned 1 exit status
Info: Nothing to build for 2009
Info: Nothing to build for 2010
15:13:31 **** Incremental Build of configuration Debug for project 2011 ****
Info: Internal Builder is used for build
gcc -o 2011.exe main.o 
c:/mingw/bin/../lib/gcc/mingw32/4.9.3/../../../libmingw32.a(main.o):(.text.startup+0xa7): undefined reference to `WinMain@16'
collect2.exe: error: ld returned 1 exit status
Info: Nothing to build for 2012
Info: Nothing to build for HomeWork
Info: Nothing to build for exman2013
Info: Nothing to build for hw1
Info: Nothing to build for hw2
Info: Nothing to build for project22222
Info: Nothing to build for targil1
Info: Nothing to build for targil2
Info: Nothing to build for targil3
15:13:32 **** Incremental Build of configuration Debug for project SPFinalProject ****
Info: Internal Builder is used for build
gcc -O0 -g3 -Wall -c -fmessage-length=0 -std=c99 -o SPPoint.o "..\\SPPoint.c" 
gcc -O0 -g3 -Wall -c -fmessage-length=0 -o SPBPriorityQueue.o "..\\SPBPriorityQueue.c" 
..\SPBPriorityQueue.c: In function 'spBPQueueEnqueue':
..\SPBPriorityQueue.c:80:6: error: 'for' loop initial declarations are only allowed in C99 or C11 mode
      for(int i = 0; i<spListGetSize(source->list)-1;i++){
      ^
..\SPBPriorityQueue.c:80:6: note: use option -std=c99, -std=gnu99, -std=c11 or -std=gnu11 to compile your code
Info: Nothing to build for try
15:13:51 **** Incremental Build of configuration Debug for project 2008 ****
Info: Internal Builder is used for build
gcc -o 2008.exe main.o 
c:/mingw/bin/../lib/gcc/mingw32/4.9.3/../../../libmingw32.a(main.o):(.text.startup+0xa7): undefined reference to `WinMain@16'
collect2.exe: error: ld returned 1 exit status
Info: Nothing to build for 2009
Info: Nothing to build for 2010
15:13:51 **** Incremental Build of configuration Debug for project 2011 ****
Info: Internal Builder is used for build
gcc -o 2011.exe main.o 
c:/mingw/bin/../lib/gcc/mingw32/4.9.3/../../../libmingw32.a(main.o):(.text.startup+0xa7): undefined reference to `WinMain@16'
collect2.exe: error: ld returned 1 exit status
Info: Nothing to build for 2012
Info: Nothing to build for HomeWork
Info: Nothing to build for exman2013
Info: Nothing to build for hw1
Info: Nothing to build for hw2
Info: Nothing to build for project22222
Info: Nothing to build for targil1
Info: Nothing to build for targil2
Info: Nothing to build for targil3
15:13:52 **** Incremental Build of configuration Debug for project SPFinalProject ****
Info: Internal Builder is used for build
gcc -O0 -g3 -Wall -c -fmessage-length=0 -o SPKDArray.o "..\\SPKDArray.c" 
In file included from ..\SPKDArray.c:7:0:
..\SPKDArray.h:18:25: error: unknown type name 'SPPoint'
 SPKDArray spKdarrayInit(SPPoint* arr, int size);
                         ^
..\SPKDArray.c: In function 'spKdarrayInit':
..\SPKDArray.c:19:19: error: expected expression before 'int'
  if (arr==NULL || int<=0)
                   ^
..\SPKDArray.c:24:15: warning: initialization from incompatible pointer type
  SPPoint* p = (SPPoint)malloc(size*sizeof(SPPoint));
               ^
..\SPKDArray.c:33:11: warning: assignment makes integer from pointer without a cast
   (*a)[i] = (int*)malloc(size*sizeof(int));
           ^
..\SPKDArray.c:34:14: warning: comparison between pointer and integer
   if((*a)[i] == NULL){//allocation fails
              ^
..\SPKDArray.c:42:3: warning: implicit declaration of function 'qsort_r' [-Wimplicit-function-declaration]
   qsort_r(p,size,sizeof(SPPoint),compByAxis,i);
   ^
..\SPKDArray.c:42:34: error: 'compByAxis' undeclared (first use in this function)
   qsort_r(p,size,sizeof(SPPoint),compByAxis,i);
                                  ^
..\SPKDArray.c:42:34: note: each undeclared identifier is reported only once for each function it appears in
..\SPKDArray.c:44:12: warning: assignment makes integer from pointer without a cast
    a[i][j] = p[j];
            ^
..\SPKDArray.c: At top level:
..\SPKDArray.c:57:53: error: expected identifier or '(' before '{' token
 SPKDArray spKdarraySplit(SPKDArray kdArr, int coor);{
                                                     ^
Info: Nothing to build for try
16:04:36 **** Incremental Build of configuration Debug for project 2008 ****
Info: Internal Builder is used for build
gcc -o 2008.exe main.o 
c:/mingw/bin/../lib/gcc/mingw32/4.9.3/../../../libmingw32.a(main.o):(.text.startup+0xa7): undefined reference to `WinMain@16'
collect2.exe: error: ld returned 1 exit status
Info: Nothing to build for 2009
Info: Nothing to build for 2010
16:04:36 **** Incremental Build of configuration Debug for project 2011 ****
Info: Internal Builder is used for build
gcc -o 2011.exe main.o 
c:/mingw/bin/../lib/gcc/mingw32/4.9.3/../../../libmingw32.a(main.o):(.text.startup+0xa7): undefined reference to `WinMain@16'
collect2.exe: error: ld returned 1 exit status
Info: Nothing to build for 2012
Info: Nothing to build for HomeWork
Info: Nothing to build for exman2013
Info: Nothing to build for hw1
Info: Nothing to build for hw2
Info: Nothing to build for project22222
Info: Nothing to build for targil1
Info: Nothing to build for targil2
Info: Nothing to build for targil3
16:04:37 **** Incremental Build of configuration Debug for project SPFinalProject ****
Info: Internal Builder is used for build
g++ "-IC:\\opencv\\build\\include" -O0 -g3 -Wall -c -fmessage-length=0 -std=c99 -o main.o "..\\main.cpp" 
cc1plus.exe: warning: command line option '-std=c99' is valid for C/ObjC but not for C++
..\main.cpp:10:20: fatal error: cstdin.h: No such file or directory
 #include <cstdin.h>
                    ^
compilation terminated.
Info: Nothing to build for try
16:07:11 **** Incremental Build of configuration Debug for project 2008 ****
Info: Internal Builder is used for build
gcc -o 2008.exe main.o 
c:/mingw/bin/../lib/gcc/mingw32/4.9.3/../../../libmingw32.a(main.o):(.text.startup+0xa7): undefined reference to `WinMain@16'
collect2.exe: error: ld returned 1 exit status
Info: Nothing to build for 2009
Info: Nothing to build for 2010
16:07:12 **** Incremental Build of configuration Debug for project 2011 ****
Info: Internal Builder is used for build
gcc -o 2011.exe main.o 
c:/mingw/bin/../lib/gcc/mingw32/4.9.3/../../../libmingw32.a(main.o):(.text.startup+0xa7): undefined reference to `WinMain@16'
collect2.exe: error: ld returned 1 exit status
Info: Nothing to build for 2012
Info: Nothing to build for HomeWork
Info: Nothing to build for exman2013
Info: Nothing to build for hw1
Info: Nothing to build for hw2
Info: Nothing to build for project22222
Info: Nothing to build for targil1
Info: Nothing to build for targil2
Info: Nothing to build for targil3
16:07:13 **** Incremental Build of configuration Debug for project SPFinalProject ****
Info: Internal Builder is used for build
gcc -O0 -g3 -Wall -c -fmessage-length=0 -o SPConfig.o "..\\SPConfig.c" 
..\SPConfig.c:9:19: fatal error: stdin.h: No such file or directory
 #include <stdin.h>
                   ^
compilation terminated.
Info: Nothing to build for try
16:07:27 **** Incremental Build of configuration Debug for project 2008 ****
Info: Internal Builder is used for build
gcc -o 2008.exe main.o 
c:/mingw/bin/../lib/gcc/mingw32/4.9.3/../../../libmingw32.a(main.o):(.text.startup+0xa7): undefined reference to `WinMain@16'
collect2.exe: error: ld returned 1 exit status
Info: Nothing to build for 2009
Info: Nothing to build for 2010
16:07:28 **** Incremental Build of configuration Debug for project 2011 ****
Info: Internal Builder is used for build
gcc -o 2011.exe main.o 
c:/mingw/bin/../lib/gcc/mingw32/4.9.3/../../../libmingw32.a(main.o):(.text.startup+0xa7): undefined reference to `WinMain@16'
collect2.exe: error: ld returned 1 exit status
Info: Nothing to build for 2012
Info: Nothing to build for HomeWork
Info: Nothing to build for exman2013
Info: Nothing to build for hw1
Info: Nothing to build for hw2
Info: Nothing to build for project22222
Info: Nothing to build for targil1
Info: Nothing to build for targil2
Info: Nothing to build for targil3
16:07:29 **** Incremental Build of configuration Debug for project SPFinalProject ****
Info: Internal Builder is used for build
gcc -O0 -g3 -Wall -c -fmessage-length=0 -o SPLogger.o "..\\SPLogger.c" 
gcc -O0 -g3 -Wall -c -fmessage-length=0 -o KDTree.o "..\\KDTree.c" 
In file included from ..\KDTree.c:1:0:
..\KDTree.h:15:1: error: unknown type name 'KDTreeNode'
 KDTreeNode buildKDTree(SPKDArray array, int depth)
 ^
..\KDTree.h:15:24: error: unknown type name 'SPKDArray'
 KDTreeNode buildKDTree(SPKDArray array, int depth)
                        ^
In file included from ..\KDTree.c:8:0:
..\SPKDArray.c: In function 'spKdarrayInit':
..\SPKDArray.c:19:19: error: expected expression before 'int'
  if (arr==NULL || int<=0)
                   ^
..\SPKDArray.c:24:15: warning: initialization from incompatible pointer type
  SPPoint* p = (SPPoint)malloc(size*sizeof(SPPoint));
               ^
..\SPKDArray.c:33:11: warning: assignment makes integer from pointer without a cast
   (*a)[i] = (int*)malloc(size*sizeof(int));
           ^
..\SPKDArray.c:34:14: warning: comparison between pointer and integer
   if((*a)[i] == NULL){//allocation fails
              ^
..\SPKDArray.c:42:3: warning: implicit declaration of function 'qsort_r' [-Wimplicit-function-declaration]
   qsort_r(p,size,sizeof(SPPoint),compByAxis,i);
   ^
..\SPKDArray.c:42:34: error: 'compByAxis' undeclared (first use in this function)
   qsort_r(p,size,sizeof(SPPoint),compByAxis,i);
                                  ^
..\SPKDArray.c:42:34: note: each undeclared identifier is reported only once for each function it appears in
..\SPKDArray.c:44:12: warning: assignment makes integer from pointer without a cast
    a[i][j] = p[j];
            ^
..\SPKDArray.c: At top level:
..\SPKDArray.c:57:53: error: expected identifier or '(' before '{' token
 SPKDArray spKdarraySplit(SPKDArray kdArr, int coor);{
                                                     ^
..\KDTree.c:15:1: warning: useless storage class specifier in empty declaration
 };
 ^
..\KDTree.c: In function 'buildKDTree':
..\KDTree.c:19:3: warning: return makes pointer from integer without a cast
   return SP_KDTREE_INVALID_ARGUMENT;
   ^
..\KDTree.c:39:4: error: invalid use of undefined type 'struct sp_point_t'
    spread = array->pointArr[-1][0]-array->pointArr[0][0];
    ^
..\KDTree.c:39:32: error: dereferencing pointer to incomplete type
    spread = array->pointArr[-1][0]-array->pointArr[0][0];
                                ^
..\KDTree.c:39:4: error: invalid use of undefined type 'struct sp_point_t'
    spread = array->pointArr[-1][0]-array->pointArr[0][0];
    ^
..\KDTree.c:39:54: error: dereferencing pointer to incomplete type
    spread = array->pointArr[-1][0]-array->pointArr[0][0];
                                                      ^
..\KDTree.c:41:15: warning: assignment from incompatible pointer type
    left,right = spKdarraySplit(array, random);
               ^
..\KDTree.c:41:8: warning: left-hand operand of comma expression has no effect [-Wunused-value]
    left,right = spKdarraySplit(array, random);
        ^
..\KDTree.c:45:4: error: invalid use of undefined type 'struct sp_point_t'
    spread = array->pointArr[-1][1]-array->pointArr[1][0];
    ^
..\KDTree.c:45:32: error: dereferencing pointer to incomplete type
    spread = array->pointArr[-1][1]-array->pointArr[1][0];
                                ^
..\KDTree.c:45:4: error: invalid use of undefined type 'struct sp_point_t'
    spread = array->pointArr[-1][1]-array->pointArr[1][0];
    ^
..\KDTree.c:45:54: error: dereferencing pointer to incomplete type
    spread = array->pointArr[-1][1]-array->pointArr[1][0];
                                                      ^
..\KDTree.c:48:15: warning: assignment from incompatible pointer type
    left,right = spKdarraySplit(array,random);
               ^
..\KDTree.c:48:8: warning: left-hand operand of comma expression has no effect [-Wunused-value]
    left,right = spKdarraySplit(array,random);
        ^
..\KDTree.c:50:30: warning: passing argument 1 of 'buildKDTree' from incompatible pointer type
   kdtree->left = buildKDTree(left, depth+1)
                              ^
..\KDTree.c:17:14: note: expected 'SPKDArray' but argument is of type 'SPKDTreeNode'
 SPKDTreeNode buildKDTree(SPKDArray array, int depth){
              ^
..\KDTree.c:51:3: error: expected ';' before 'kdtree'
   kdtree->left = buildKDTree(right, depth+1)
   ^
Info: Nothing to build for try
13:45:29 **** Incremental Build of configuration Debug for project 2008 ****
Info: Internal Builder is used for build
gcc -o 2008.exe main.o 
c:/mingw/bin/../lib/gcc/mingw32/4.9.3/../../../libmingw32.a(main.o):(.text.startup+0xa7): undefined reference to `WinMain@16'
collect2.exe: error: ld returned 1 exit status
Info: Nothing to build for 2009
Info: Nothing to build for 2010
13:45:30 **** Incremental Build of configuration Debug for project 2011 ****
Info: Internal Builder is used for build
gcc -o 2011.exe main.o 
c:/mingw/bin/../lib/gcc/mingw32/4.9.3/../../../libmingw32.a(main.o):(.text.startup+0xa7): undefined reference to `WinMain@16'
collect2.exe: error: ld returned 1 exit status
Info: Nothing to build for 2012
Info: Nothing to build for HomeWork
Info: Nothing to build for exman2013
Info: Nothing to build for hw1
Info: Nothing to build for hw2
Info: Nothing to build for project22222
Info: Nothing to build for targil1
Info: Nothing to build for targil2
Info: Nothing to build for targil3
13:45:31 **** Incremental Build of configuration Debug for project SPFinalProject ****
Info: Internal Builder is used for build
gcc -O0 -g3 -Wall -c -fmessage-length=0 -o KDTree.o "..\\KDTree.c" 
In file included from ..\KDTree.c:1:0:
..\KDTree.h:15:1: error: unknown type name 'KDTreeNode'
 KDTreeNode buildKDTree(SPKDArray array, int depth)
 ^
..\KDTree.h:15:24: error: unknown type name 'SPKDArray'
 KDTreeNode buildKDTree(SPKDArray array, int depth)
                        ^
In file included from ..\KDTree.c:8:0:
..\SPKDArray.c: In function 'spKdarrayInit':
..\SPKDArray.c:19:19: error: expected expression before 'int'
  if (arr==NULL || int<=0)
                   ^
..\SPKDArray.c:24:15: warning: initialization from incompatible pointer type
  SPPoint* p = (SPPoint)malloc(size*sizeof(SPPoint));
               ^
..\SPKDArray.c:33:11: warning: assignment makes integer from pointer without a cast
   (*a)[i] = (int*)malloc(size*sizeof(int));
           ^
..\SPKDArray.c:34:14: warning: comparison between pointer and integer
   if((*a)[i] == NULL){//allocation fails
              ^
..\SPKDArray.c:42:3: warning: implicit declaration of function 'qsort_r' [-Wimplicit-function-declaration]
   qsort_r(p,size,sizeof(SPPoint),compByAxis,i);
   ^
..\SPKDArray.c:42:34: error: 'compByAxis' undeclared (first use in this function)
   qsort_r(p,size,sizeof(SPPoint),compByAxis,i);
                                  ^
..\SPKDArray.c:42:34: note: each undeclared identifier is reported only once for each function it appears in
..\SPKDArray.c:44:12: warning: assignment makes integer from pointer without a cast
    a[i][j] = p[j];
            ^
..\SPKDArray.c: At top level:
..\SPKDArray.c:57:53: error: expected identifier or '(' before '{' token
 SPKDArray spKdarraySplit(SPKDArray kdArr, int coor);{
                                                     ^
..\KDTree.c:15:1: warning: useless storage class specifier in empty declaration
 };
 ^
..\KDTree.c: In function 'buildKDTree':
..\KDTree.c:19:3: warning: return makes pointer from integer without a cast
   return SP_KDTREE_INVALID_ARGUMENT;
   ^
..\KDTree.c:39:4: error: invalid use of undefined type 'struct sp_point_t'
    spread = array->pointArr[-1][0]-array->pointArr[0][0];
    ^
..\KDTree.c:39:32: error: dereferencing pointer to incomplete type
    spread = array->pointArr[-1][0]-array->pointArr[0][0];
                                ^
..\KDTree.c:39:4: error: invalid use of undefined type 'struct sp_point_t'
    spread = array->pointArr[-1][0]-array->pointArr[0][0];
    ^
..\KDTree.c:39:54: error: dereferencing pointer to incomplete type
    spread = array->pointArr[-1][0]-array->pointArr[0][0];
                                                      ^
..\KDTree.c:41:15: warning: assignment from incompatible pointer type
    left,right = spKdarraySplit(array, random);
               ^
..\KDTree.c:41:8: warning: left-hand operand of comma expression has no effect [-Wunused-value]
    left,right = spKdarraySplit(array, random);
        ^
..\KDTree.c:45:4: error: invalid use of undefined type 'struct sp_point_t'
    spread = array->pointArr[-1][1]-array->pointArr[1][0];
    ^
..\KDTree.c:45:32: error: dereferencing pointer to incomplete type
    spread = array->pointArr[-1][1]-array->pointArr[1][0];
                                ^
..\KDTree.c:45:4: error: invalid use of undefined type 'struct sp_point_t'
    spread = array->pointArr[-1][1]-array->pointArr[1][0];
    ^
..\KDTree.c:45:54: error: dereferencing pointer to incomplete type
    spread = array->pointArr[-1][1]-array->pointArr[1][0];
                                                      ^
..\KDTree.c:48:15: warning: assignment from incompatible pointer type
    left,right = spKdarraySplit(array,random);
               ^
..\KDTree.c:48:8: warning: left-hand operand of comma expression has no effect [-Wunused-value]
    left,right = spKdarraySplit(array,random);
        ^
..\KDTree.c:50:30: warning: passing argument 1 of 'buildKDTree' from incompatible pointer type
   kdtree->left = buildKDTree(left, depth+1)
                              ^
..\KDTree.c:17:14: note: expected 'SPKDArray' but argument is of type 'SPKDTreeNode'
 SPKDTreeNode buildKDTree(SPKDArray array, int depth){
              ^
..\KDTree.c:51:3: error: expected ';' before 'kdtree'
   kdtree->left = buildKDTree(right, depth+1)
   ^
Info: Nothing to build for try
14:05:44 **** Incremental Build of configuration Debug for project 2008 ****
Info: Internal Builder is used for build
gcc -o 2008.exe main.o 
c:/mingw/bin/../lib/gcc/mingw32/4.9.3/../../../libmingw32.a(main.o):(.text.startup+0xa7): undefined reference to `WinMain@16'
collect2.exe: error: ld returned 1 exit status
Info: Nothing to build for 2009
Info: Nothing to build for 2010
14:05:45 **** Incremental Build of configuration Debug for project 2011 ****
Info: Internal Builder is used for build
gcc -o 2011.exe main.o 
c:/mingw/bin/../lib/gcc/mingw32/4.9.3/../../../libmingw32.a(main.o):(.text.startup+0xa7): undefined reference to `WinMain@16'
collect2.exe: error: ld returned 1 exit status
Info: Nothing to build for 2012
Info: Nothing to build for HomeWork
Info: Nothing to build for exman2013
Info: Nothing to build for hw1
Info: Nothing to build for hw2
Info: Nothing to build for project22222
Info: Nothing to build for targil1
Info: Nothing to build for targil2
Info: Nothing to build for targil3
14:05:46 **** Incremental Build of configuration Debug for project SPFinalProject ****
Info: Internal Builder is used for build
gcc -O0 -g3 -Wall -c -fmessage-length=0 -o KDTree.o "..\\KDTree.c" 
In file included from ..\KDTree.c:1:0:
..\KDTree.h:15:1: error: unknown type name 'KDTreeNode'
 KDTreeNode buildKDTree(SPKDArray array, int depth)
 ^
..\KDTree.h:15:24: error: unknown type name 'SPKDArray'
 KDTreeNode buildKDTree(SPKDArray array, int depth)
                        ^
In file included from ..\KDTree.c:8:0:
..\SPKDArray.c: In function 'spKdarrayInit':
..\SPKDArray.c:19:19: error: expected expression before 'int'
  if (arr==NULL || int<=0)
                   ^
..\SPKDArray.c:24:15: warning: initialization from incompatible pointer type
  SPPoint* p = (SPPoint)malloc(size*sizeof(SPPoint));
               ^
..\SPKDArray.c:33:11: warning: assignment makes integer from pointer without a cast
   (*a)[i] = (int*)malloc(size*sizeof(int));
           ^
..\SPKDArray.c:34:14: warning: comparison between pointer and integer
   if((*a)[i] == NULL){//allocation fails
              ^
..\SPKDArray.c:42:3: warning: implicit declaration of function 'qsort_r' [-Wimplicit-function-declaration]
   qsort_r(p,size,sizeof(SPPoint),compByAxis,i);
   ^
..\SPKDArray.c:42:34: error: 'compByAxis' undeclared (first use in this function)
   qsort_r(p,size,sizeof(SPPoint),compByAxis,i);
                                  ^
..\SPKDArray.c:42:34: note: each undeclared identifier is reported only once for each function it appears in
..\SPKDArray.c:44:12: warning: assignment makes integer from pointer without a cast
    a[i][j] = p[j];
            ^
..\SPKDArray.c: At top level:
..\SPKDArray.c:57:53: error: expected identifier or '(' before '{' token
 SPKDArray spKdarraySplit(SPKDArray kdArr, int coor);{
                                                     ^
..\KDTree.c:15:1: warning: useless storage class specifier in empty declaration
 };
 ^
..\KDTree.c: In function 'buildKDTree':
..\KDTree.c:19:3: warning: return makes pointer from integer without a cast
   return SP_KDTREE_INVALID_ARGUMENT;
   ^
..\KDTree.c:39:4: error: invalid use of undefined type 'struct sp_point_t'
    spread = array->pointArr[-1][0]-array->pointArr[0][0];
    ^
..\KDTree.c:39:32: error: dereferencing pointer to incomplete type
    spread = array->pointArr[-1][0]-array->pointArr[0][0];
                                ^
..\KDTree.c:39:4: error: invalid use of undefined type 'struct sp_point_t'
    spread = array->pointArr[-1][0]-array->pointArr[0][0];
    ^
..\KDTree.c:39:54: error: dereferencing pointer to incomplete type
    spread = array->pointArr[-1][0]-array->pointArr[0][0];
                                                      ^
..\KDTree.c:41:15: warning: assignment from incompatible pointer type
    left,right = spKdarraySplit(array, random);
               ^
..\KDTree.c:41:8: warning: left-hand operand of comma expression has no effect [-Wunused-value]
    left,right = spKdarraySplit(array, random);
        ^
..\KDTree.c:45:4: error: invalid use of undefined type 'struct sp_point_t'
    spread = array->pointArr[-1][1]-array->pointArr[1][0];
    ^
..\KDTree.c:45:32: error: dereferencing pointer to incomplete type
    spread = array->pointArr[-1][1]-array->pointArr[1][0];
                                ^
..\KDTree.c:45:4: error: invalid use of undefined type 'struct sp_point_t'
    spread = array->pointArr[-1][1]-array->pointArr[1][0];
    ^
..\KDTree.c:45:54: error: dereferencing pointer to incomplete type
    spread = array->pointArr[-1][1]-array->pointArr[1][0];
                                                      ^
..\KDTree.c:48:15: warning: assignment from incompatible pointer type
    left,right = spKdarraySplit(array,random);
               ^
..\KDTree.c:48:8: warning: left-hand operand of comma expression has no effect [-Wunused-value]
    left,right = spKdarraySplit(array,random);
        ^
..\KDTree.c:50:30: warning: passing argument 1 of 'buildKDTree' from incompatible pointer type
   kdtree->left = buildKDTree(left, depth+1)
                              ^
..\KDTree.c:17:14: note: expected 'SPKDArray' but argument is of type 'SPKDTreeNode'
 SPKDTreeNode buildKDTree(SPKDArray array, int depth){
              ^
..\KDTree.c:51:3: error: expected ';' before 'kdtree'
   kdtree->left = buildKDTree(right, depth+1)
   ^
Info: Nothing to build for try
14:06:54 **** Incremental Build of configuration Debug for project 2008 ****
Info: Internal Builder is used for build
gcc -o 2008.exe main.o 
c:/mingw/bin/../lib/gcc/mingw32/4.9.3/../../../libmingw32.a(main.o):(.text.startup+0xa7): undefined reference to `WinMain@16'
collect2.exe: error: ld returned 1 exit status
Info: Nothing to build for 2009
Info: Nothing to build for 2010
14:06:55 **** Incremental Build of configuration Debug for project 2011 ****
Info: Internal Builder is used for build
gcc -o 2011.exe main.o 
c:/mingw/bin/../lib/gcc/mingw32/4.9.3/../../../libmingw32.a(main.o):(.text.startup+0xa7): undefined reference to `WinMain@16'
collect2.exe: error: ld returned 1 exit status
Info: Nothing to build for 2012
Info: Nothing to build for HomeWork
Info: Nothing to build for exman2013
Info: Nothing to build for hw1
Info: Nothing to build for hw2
Info: Nothing to build for project22222
Info: Nothing to build for targil1
Info: Nothing to build for targil2
Info: Nothing to build for targil3
14:06:55 **** Incremental Build of configuration Debug for project SPFinalProject ****
Info: Internal Builder is used for build
gcc -O0 -g3 -Wall -c -fmessage-length=0 -o KDTree.o "..\\KDTree.c" 
In file included from ..\KDTree.c:1:0:
..\KDTree.h:15:1: error: unknown type name 'KDTreeNode'
 KDTreeNode buildKDTree(SPKDArray array, int depth)
 ^
..\KDTree.h:15:24: error: unknown type name 'SPKDArray'
 KDTreeNode buildKDTree(SPKDArray array, int depth)
                        ^
In file included from ..\KDTree.c:8:0:
..\SPKDArray.c: In function 'spKdarrayInit':
..\SPKDArray.c:19:19: error: expected expression before 'int'
  if (arr==NULL || int<=0)
                   ^
..\SPKDArray.c:24:15: warning: initialization from incompatible pointer type
  SPPoint* p = (SPPoint)malloc(size*sizeof(SPPoint));
               ^
..\SPKDArray.c:33:11: warning: assignment makes integer from pointer without a cast
   (*a)[i] = (int*)malloc(size*sizeof(int));
           ^
..\SPKDArray.c:34:14: warning: comparison between pointer and integer
   if((*a)[i] == NULL){//allocation fails
              ^
..\SPKDArray.c:42:3: warning: implicit declaration of function 'qsort_r' [-Wimplicit-function-declaration]
   qsort_r(p,size,sizeof(SPPoint),compByAxis,i);
   ^
..\SPKDArray.c:42:34: error: 'compByAxis' undeclared (first use in this function)
   qsort_r(p,size,sizeof(SPPoint),compByAxis,i);
                                  ^
..\SPKDArray.c:42:34: note: each undeclared identifier is reported only once for each function it appears in
..\SPKDArray.c:44:12: warning: assignment makes integer from pointer without a cast
    a[i][j] = p[j];
            ^
..\SPKDArray.c: At top level:
..\SPKDArray.c:57:53: error: expected identifier or '(' before '{' token
 SPKDArray spKdarraySplit(SPKDArray kdArr, int coor);{
                                                     ^
..\KDTree.c:15:1: warning: useless storage class specifier in empty declaration
 };
 ^
..\KDTree.c: In function 'buildKDTree':
..\KDTree.c:19:3: warning: return makes pointer from integer without a cast
   return SP_KDTREE_INVALID_ARGUMENT;
   ^
..\KDTree.c:39:4: error: invalid use of undefined type 'struct sp_point_t'
    spread = array->pointArr[-1][0]-array->pointArr[0][0];
    ^
..\KDTree.c:39:32: error: dereferencing pointer to incomplete type
    spread = array->pointArr[-1][0]-array->pointArr[0][0];
                                ^
..\KDTree.c:39:4: error: invalid use of undefined type 'struct sp_point_t'
    spread = array->pointArr[-1][0]-array->pointArr[0][0];
    ^
..\KDTree.c:39:54: error: dereferencing pointer to incomplete type
    spread = array->pointArr[-1][0]-array->pointArr[0][0];
                                                      ^
..\KDTree.c:41:15: warning: assignment from incompatible pointer type
    left,right = spKdarraySplit(array, random);
               ^
..\KDTree.c:41:8: warning: left-hand operand of comma expression has no effect [-Wunused-value]
    left,right = spKdarraySplit(array, random);
        ^
..\KDTree.c:45:4: error: invalid use of undefined type 'struct sp_point_t'
    spread = array->pointArr[-1][1]-array->pointArr[1][0];
    ^
..\KDTree.c:45:32: error: dereferencing pointer to incomplete type
    spread = array->pointArr[-1][1]-array->pointArr[1][0];
                                ^
..\KDTree.c:45:4: error: invalid use of undefined type 'struct sp_point_t'
    spread = array->pointArr[-1][1]-array->pointArr[1][0];
    ^
..\KDTree.c:45:54: error: dereferencing pointer to incomplete type
    spread = array->pointArr[-1][1]-array->pointArr[1][0];
                                                      ^
..\KDTree.c:48:15: warning: assignment from incompatible pointer type
    left,right = spKdarraySplit(array,random);
               ^
..\KDTree.c:48:8: warning: left-hand operand of comma expression has no effect [-Wunused-value]
    left,right = spKdarraySplit(array,random);
        ^
..\KDTree.c:50:30: warning: passing argument 1 of 'buildKDTree' from incompatible pointer type
   kdtree->left = buildKDTree(left, depth+1)
                              ^
..\KDTree.c:17:14: note: expected 'SPKDArray' but argument is of type 'SPKDTreeNode'
 SPKDTreeNode buildKDTree(SPKDArray array, int depth){
              ^
..\KDTree.c:51:3: error: expected ';' before 'kdtree'
   kdtree->left = buildKDTree(right, depth+1)
   ^
Info: Nothing to build for try
14:55:17 **** Incremental Build of configuration Debug for project 2008 ****
Info: Internal Builder is used for build
gcc -o 2008.exe main.o 
c:/mingw/bin/../lib/gcc/mingw32/4.9.3/../../../libmingw32.a(main.o):(.text.startup+0xa7): undefined reference to `WinMain@16'
collect2.exe: error: ld returned 1 exit status
Info: Nothing to build for 2009
Info: Nothing to build for 2010
14:55:18 **** Incremental Build of configuration Debug for project 2011 ****
Info: Internal Builder is used for build
gcc -o 2011.exe main.o 
c:/mingw/bin/../lib/gcc/mingw32/4.9.3/../../../libmingw32.a(main.o):(.text.startup+0xa7): undefined reference to `WinMain@16'
collect2.exe: error: ld returned 1 exit status
Info: Nothing to build for 2012
Info: Nothing to build for HomeWork
Info: Nothing to build for exman2013
Info: Nothing to build for hw1
Info: Nothing to build for hw2
Info: Nothing to build for project22222
Info: Nothing to build for targil1
Info: Nothing to build for targil2
Info: Nothing to build for targil3
14:55:19 **** Incremental Build of configuration Debug for project SPFinalProject ****
Info: Internal Builder is used for build
g++ "-IC:\\opencv\\build\\include" -O0 -g3 -Wall -c -fmessage-length=0 -std=c99 -o SPImageProc.o "..\\SPImageProc.cpp" 
cc1plus.exe: warning: command line option '-std=c99' is valid for C/ObjC but not for C++
In file included from ..\SPImageProc.cpp:10:0:
..\SPImageProc.h:19:27: warning: non-static data member initializers only available with -std=c++11 or -std=gnu++11
  const char* windowName = "Software Project CBIR";
                           ^
g++ "-IC:\\opencv\\build\\include" -O0 -g3 -Wall -c -fmessage-length=0 -std=c99 -o main.o "..\\main.cpp" 
cc1plus.exe: warning: command line option '-std=c99' is valid for C/ObjC but not for C++
..\main.cpp:10:20: fatal error: cstdio.h: No such file or directory
 #include <cstdio.h>
                    ^
compilation terminated.
Info: Nothing to build for try
14:55:46 **** Incremental Build of configuration Debug for project 2008 ****
Info: Internal Builder is used for build
gcc -o 2008.exe main.o 
c:/mingw/bin/../lib/gcc/mingw32/4.9.3/../../../libmingw32.a(main.o):(.text.startup+0xa7): undefined reference to `WinMain@16'
collect2.exe: error: ld returned 1 exit status
Info: Nothing to build for 2009
Info: Nothing to build for 2010
14:55:47 **** Incremental Build of configuration Debug for project 2011 ****
Info: Internal Builder is used for build
gcc -o 2011.exe main.o 
c:/mingw/bin/../lib/gcc/mingw32/4.9.3/../../../libmingw32.a(main.o):(.text.startup+0xa7): undefined reference to `WinMain@16'
collect2.exe: error: ld returned 1 exit status
Info: Nothing to build for 2012
Info: Nothing to build for HomeWork
Info: Nothing to build for exman2013
Info: Nothing to build for hw1
Info: Nothing to build for hw2
Info: Nothing to build for project22222
Info: Nothing to build for targil1
Info: Nothing to build for targil2
Info: Nothing to build for targil3
14:55:47 **** Incremental Build of configuration Debug for project SPFinalProject ****
Info: Internal Builder is used for build
g++ "-IC:\\opencv\\build\\include" -O0 -g3 -Wall -c -fmessage-length=0 -std=c99 -o main.o "..\\main.cpp" 
cc1plus.exe: warning: command line option '-std=c99' is valid for C/ObjC but not for C++
..\main.cpp:10:20: fatal error: cstdio.h: No such file or directory
 #include <cstdio.h>
                    ^
compilation terminated.
Info: Nothing to build for try
14:56:48 **** Incremental Build of configuration Debug for project 2008 ****
Info: Internal Builder is used for build
gcc -o 2008.exe main.o 
c:/mingw/bin/../lib/gcc/mingw32/4.9.3/../../../libmingw32.a(main.o):(.text.startup+0xa7): undefined reference to `WinMain@16'
collect2.exe: error: ld returned 1 exit status
Info: Nothing to build for 2009
Info: Nothing to build for 2010
14:56:49 **** Incremental Build of configuration Debug for project 2011 ****
Info: Internal Builder is used for build
gcc -o 2011.exe main.o 
c:/mingw/bin/../lib/gcc/mingw32/4.9.3/../../../libmingw32.a(main.o):(.text.startup+0xa7): undefined reference to `WinMain@16'
collect2.exe: error: ld returned 1 exit status
Info: Nothing to build for 2012
Info: Nothing to build for HomeWork
Info: Nothing to build for exman2013
Info: Nothing to build for hw1
Info: Nothing to build for hw2
Info: Nothing to build for project22222
Info: Nothing to build for targil1
Info: Nothing to build for targil2
Info: Nothing to build for targil3
14:56:50 **** Incremental Build of configuration Debug for project SPFinalProject ****
Info: Internal Builder is used for build
gcc -O0 -g3 -Wall -c -fmessage-length=0 -std=c99 -o SPBPriorityQueue.o "..\\SPBPriorityQueue.c" 
gcc -O0 -g3 -Wall -c -fmessage-length=0 -o SPKDArray.o "..\\SPKDArray.c" 
In file included from ..\SPKDArray.c:7:0:
..\SPKDArray.h:18:25: error: unknown type name 'SPPoint'
 SPKDArray spKdarrayInit(SPPoint* arr, int size);
                         ^
..\SPKDArray.c: In function 'spKdarrayInit':
..\SPKDArray.c:19:19: error: expected expression before 'int'
  if (arr==NULL || int<=0)
                   ^
..\SPKDArray.c:24:15: warning: initialization from incompatible pointer type
  SPPoint* p = (SPPoint)malloc(size*sizeof(SPPoint));
               ^
..\SPKDArray.c:33:11: warning: assignment makes integer from pointer without a cast
   (*a)[i] = (int*)malloc(size*sizeof(int));
           ^
..\SPKDArray.c:34:14: warning: comparison between pointer and integer
   if((*a)[i] == NULL){//allocation fails
              ^
..\SPKDArray.c:42:3: warning: implicit declaration of function 'qsort_r' [-Wimplicit-function-declaration]
   qsort_r(p,size,sizeof(SPPoint),compByAxis,i);
   ^
..\SPKDArray.c:42:34: error: 'compByAxis' undeclared (first use in this function)
   qsort_r(p,size,sizeof(SPPoint),compByAxis,i);
                                  ^
..\SPKDArray.c:42:34: note: each undeclared identifier is reported only once for each function it appears in
..\SPKDArray.c:44:12: warning: assignment makes integer from pointer without a cast
    a[i][j] = p[j];
            ^
..\SPKDArray.c: At top level:
..\SPKDArray.c:57:53: error: expected identifier or '(' before '{' token
 SPKDArray spKdarraySplit(SPKDArray kdArr, int coor);{
                                                     ^
Info: Nothing to build for try
15:04:31 **** Incremental Build of configuration Debug for project 2008 ****
Info: Internal Builder is used for build
gcc -o 2008.exe main.o 
c:/mingw/bin/../lib/gcc/mingw32/4.9.3/../../../libmingw32.a(main.o):(.text.startup+0xa7): undefined reference to `WinMain@16'
collect2.exe: error: ld returned 1 exit status
Info: Nothing to build for 2009
Info: Nothing to build for 2010
15:04:32 **** Incremental Build of configuration Debug for project 2011 ****
Info: Internal Builder is used for build
gcc -o 2011.exe main.o 
c:/mingw/bin/../lib/gcc/mingw32/4.9.3/../../../libmingw32.a(main.o):(.text.startup+0xa7): undefined reference to `WinMain@16'
collect2.exe: error: ld returned 1 exit status
Info: Nothing to build for 2012
Info: Nothing to build for HomeWork
Info: Nothing to build for exman2013
Info: Nothing to build for hw1
Info: Nothing to build for hw2
Info: Nothing to build for project22222
Info: Nothing to build for targil1
Info: Nothing to build for targil2
Info: Nothing to build for targil3
15:04:32 **** Incremental Build of configuration Debug for project SPFinalProject ****
Info: Internal Builder is used for build
gcc -O0 -g3 -Wall -c -fmessage-length=0 -o SPConfig.o "..\\SPConfig.c" 
..\SPConfig.c: In function 'spConfigCreate':
..\SPConfig.c:53:2: warning: implicit declaration of function 'malloc' [-Wimplicit-function-declaration]
  SP_CONFIG cnfg = (SP_CONFIG*)malloc(sizeof(*cnfg));
  ^
..\SPConfig.c:53:31: warning: incompatible implicit declaration of built-in function 'malloc'
  SP_CONFIG cnfg = (SP_CONFIG*)malloc(sizeof(*cnfg));
                               ^
..\SPConfig.c:53:45: error: invalid type argument of unary '*' (have 'SP_CONFIG')
  SP_CONFIG cnfg = (SP_CONFIG*)malloc(sizeof(*cnfg));
                                             ^
..\SPConfig.c:57:2: error: expected '=', ',', ';', 'asm' or '__attribute__' before 'int'
  int n=0,i=0;
  ^
..\SPConfig.c:58:5: warning: implicit declaration of function 'dfult' [-Wimplicit-function-declaration]
     dfult(cnfg);
     ^
..\SPConfig.c:60:3: warning: return makes pointer from integer without a cast
   return SP_CONFIG_INVALID_ARGUMENT;
   ^
..\SPConfig.c:61:5: error: 'fp' undeclared (first use in this function)
     fp = fopen("argv1","r");
     ^
..\SPConfig.c:61:5: note: each undeclared identifier is reported only once for each function it appears in
..\SPConfig.c:63:6: warning: return makes pointer from integer without a cast
      return SP_CONFIG_CANNOT_OPEN_FILE;
      ^
..\SPConfig.c:64:5: warning: implicit declaration of function 'calloc' [-Wimplicit-function-declaration]
     string = (char*)calloc(BUFSIZE,1);
     ^
..\SPConfig.c:64:21: warning: incompatible implicit declaration of built-in function 'calloc'
     string = (char*)calloc(BUFSIZE,1);
                     ^
..\SPConfig.c:64:35: error: expected expression before ',' token
     string = (char*)calloc(BUFSIZE,1);
                                   ^
..\SPConfig.c:66:6: warning: return makes pointer from integer without a cast
      return SP_CONFIG_ALLOC_FAIL;
      ^
..\SPConfig.c:67:39: error: expected expression before ',' token
     while((n = fread(string,1, BUFSIZE,fp))>0){
                                       ^
..\SPConfig.c:69:6: warning: implicit declaration of function 'trim' [-Wimplicit-function-declaration]
      trim(*string);
      ^
..\SPConfig.c:70:19: warning: comparison between pointer and integer
      if (string[0]!="#"){
                   ^
..\SPConfig.c:70:19: warning: comparison with string literal results in unspecified behavior [-Waddress]
..\SPConfig.c:71:7: warning: implicit declaration of function 'strchr' [-Wimplicit-function-declaration]
       if(strchr(string,"#") != NULL){
       ^
..\SPConfig.c:71:10: warning: incompatible implicit declaration of built-in function 'strchr'
       if(strchr(string,"#") != NULL){
          ^
..\SPConfig.c:71:24: warning: passing argument 2 of 'strchr' makes integer from pointer without a cast
       if(strchr(string,"#") != NULL){
                        ^
..\SPConfig.c:71:24: note: expected 'int' but argument is of type 'char *'
..\SPConfig.c:72:8: warning: return makes pointer from integer without a cast
        return SP_CONFIG_INVALID_ARGUMENT;
        ^
..\SPConfig.c:74:29: warning: passing argument 2 of 'strchr' makes integer from pointer without a cast
       start = strchr(string,"=") + 1
                             ^
..\SPConfig.c:74:29: note: expected 'int' but argument is of type 'char *'
..\SPConfig.c:74:13: warning: assignment makes integer from pointer without a cast
       start = strchr(string,"=") + 1
             ^
..\SPConfig.c:75:7: error: expected ';' before 'if'
       if(strstr(string,"spImagesDirectory")){
       ^
..\SPConfig.c:68:10: warning: variable 'start' set but not used [-Wunused-but-set-variable]
      int start;
          ^
..\SPConfig.c:57:10: warning: unused variable 'i' [-Wunused-variable]
  int n=0,i=0;
          ^
..\SPConfig.c:57:6: warning: variable 'n' set but not used [-Wunused-but-set-variable]
  int n=0,i=0;
      ^
..\SPConfig.c:54:7: warning: unused variable 'input' [-Wunused-variable]
  char input[4];
       ^
..\SPConfig.c: At top level:
..\SPConfig.c:151:6: warning: conflicting types for 'trim'
 void trim(char* String)
      ^
..\SPConfig.c:69:6: note: previous implicit declaration of 'trim' was here
      trim(*string);
      ^
..\SPConfig.c: In function 'trim':
..\SPConfig.c:155:5: warning: implicit declaration of function 'strlen' [-Wimplicit-function-declaration]
     int len = strlen(String);
     ^
..\SPConfig.c:155:15: warning: incompatible implicit declaration of built-in function 'strlen'
     int len = strlen(String);
               ^
..\SPConfig.c:158:5: warning: implicit declaration of function 'isspace' [-Wimplicit-function-declaration]
     while(isspace(String[src])) src++;
     ^
..\SPConfig.c: At top level:
..\SPConfig.c:173:6: warning: conflicting types for 'dfult'
 void dfult(SP_CONFIG confg){
      ^
..\SPConfig.c:58:5: note: previous implicit declaration of 'dfult' was here
     dfult(cnfg);
     ^
..\SPConfig.c: In function 'dfult':
..\SPConfig.c:174:8: error: invalid type argument of '->' (have 'SP_CONFIG')
   confg->spPCADimension = 20
        ^
..\SPConfig.c:175:3: error: expected ';' before 'confg'
   confg->spPCAFileName = (char*)malloc(BUFSIZE)
   ^
..\SPConfig.c:177:8: error: invalid type argument of '->' (have 'SP_CONFIG')
   confg->spNumOfFeatures = 100;
        ^
..\SPConfig.c:178:8: error: invalid type argument of '->' (have 'SP_CONFIG')
   confg->spExtractionMode = true;
        ^
..\SPConfig.c:179:8: error: invalid type argument of '->' (have 'SP_CONFIG')
   confg->spNumOfSimilarImages = 1;
        ^
..\SPConfig.c:180:31: error: expected identifier or '(' before '=' token
   enum SP_KDTREE_SPLIT_METHOD = MAX_SPREAD;
                               ^
..\SPConfig.c:181:8: error: invalid type argument of '->' (have 'SP_CONFIG')
   confg->spKNN = 1;
        ^
..\SPConfig.c:182:8: error: invalid type argument of '->' (have 'SP_CONFIG')
   confg->spMinimalGUI = false;
        ^
..\SPConfig.c:183:8: error: invalid type argument of '->' (have 'SP_CONFIG')
   confg->spLoggerLevel = 3;
        ^
..\SPConfig.c:184:8: error: invalid type argument of '->' (have 'SP_CONFIG')
   confg->spLoggerFilename = (char*)malloc(BUFSIZE)
        ^
..\SPConfig.c:184:36: warning: incompatible implicit declaration of built-in function 'malloc'
   confg->spLoggerFilename = (char*)malloc(BUFSIZE)
                                    ^
..\SPConfig.c:184:36: error: too few arguments to function 'malloc'
..\SPConfig.c:185:3: error: expected ';' before 'confg'
   confg->spLoggerFilename = "stdout";
   ^
..\SPConfig.c: In function 'spConfigCreate':
..\SPConfig.c:149:1: warning: control reaches end of non-void function [-Wreturn-type]
 }
 ^
Info: Nothing to build for try
15:06:08 **** Incremental Build of configuration Debug for project 2008 ****
Info: Internal Builder is used for build
gcc -o 2008.exe main.o 
c:/mingw/bin/../lib/gcc/mingw32/4.9.3/../../../libmingw32.a(main.o):(.text.startup+0xa7): undefined reference to `WinMain@16'
collect2.exe: error: ld returned 1 exit status
Info: Nothing to build for 2009
Info: Nothing to build for 2010
15:06:09 **** Incremental Build of configuration Debug for project 2011 ****
Info: Internal Builder is used for build
gcc -o 2011.exe main.o 
c:/mingw/bin/../lib/gcc/mingw32/4.9.3/../../../libmingw32.a(main.o):(.text.startup+0xa7): undefined reference to `WinMain@16'
collect2.exe: error: ld returned 1 exit status
Info: Nothing to build for 2012
Info: Nothing to build for HomeWork
Info: Nothing to build for exman2013
Info: Nothing to build for hw1
Info: Nothing to build for hw2
Info: Nothing to build for project22222
Info: Nothing to build for targil1
Info: Nothing to build for targil2
Info: Nothing to build for targil3
15:06:10 **** Incremental Build of configuration Debug for project SPFinalProject ****
Info: Internal Builder is used for build
g++ "-IC:\\opencv\\build\\include" -O0 -g3 -Wall -c -fmessage-length=0 -std=c99 -o main.o "..\\main.cpp" 
cc1plus.exe: warning: command line option '-std=c99' is valid for C/ObjC but not for C++
..\main.cpp:10:20: fatal error: cstdio.h: No such file or directory
 #include <cstdio.h>
                    ^
compilation terminated.
Info: Nothing to build for try
07:55:25 **** Rebuild of configuration Debug for project 2008 ****
Info: Internal Builder is used for build
gcc -O0 -g3 -Wall -c -fmessage-length=0 -o main.o "..\\main.c" 
gcc -o 2008.exe main.o 
c:/mingw/bin/../lib/gcc/mingw32/4.9.3/../../../libmingw32.a(main.o):(.text.startup+0xa7): undefined reference to `WinMain@16'
collect2.exe: error: ld returned 1 exit status
07:55:26 **** Rebuild of configuration Debug for project 2009 ****
Info: Internal Builder is used for build
gcc -O0 -g3 -Wall -c -fmessage-length=0 -std=c99 -o main.o "..\\main.c" 
gcc -o 2009.exe main.o 
07:55:28 **** Rebuild of configuration Debug for project 2010 ****
Info: Internal Builder is used for build
gcc -O0 -g3 -Wall -c -fmessage-length=0 -o main.o "..\\main.c" 
gcc -o 2010.exe main.o 
07:55:29 **** Rebuild of configuration Debug for project 2011 ****
Info: Internal Builder is used for build
gcc -O0 -g3 -Wall -c -fmessage-length=0 -std=c99 -o main.o "..\\main.c" 
gcc -o 2011.exe main.o 
c:/mingw/bin/../lib/gcc/mingw32/4.9.3/../../../libmingw32.a(main.o):(.text.startup+0xa7): undefined reference to `WinMain@16'
collect2.exe: error: ld returned 1 exit status
07:55:30 **** Rebuild of configuration Debug for project 2012 ****
Info: Internal Builder is used for build
gcc -O0 -g3 -Wall -c -fmessage-length=0 -std=c99 -o main.o "..\\main.c" 
gcc -o 2012.exe main.o 
Info: Nothing to build for HomeWork
07:55:31 **** Rebuild of configuration Debug for project exman2013 ****
Info: Internal Builder is used for build
gcc -O0 -g3 -Wall -c -fmessage-length=0 -std=c99 -o main.o "..\\main.c" 
gcc -o exman2013.exe main.o 
07:55:32 **** Rebuild of configuration Debug for project hw1 ****
Info: Internal Builder is used for build
gcc -O0 -g3 -Wall -c -fmessage-length=0 -o main.o "..\\main.c" 
gcc -O0 -g3 -Wall -c -fmessage-length=0 -o MathIsFun.o "..\\MathIsFun.c" 
gcc -o hw1.exe main.o MathIsFun.o 
07:55:33 **** Rebuild of configuration Debug for project hw2 ****
Info: Internal Builder is used for build
g++ "-IC:\\opencv\\build\\include" -O0 -g3 -Wall -c -fmessage-length=0 -o main_aux.o "..\\main_aux.cpp" 
g++ "-IC:\\opencv\\build\\include" -O0 -g3 -Wall -c -fmessage-length=0 -o main.o "..\\main.cpp" 
g++ "-IC:\\opencv\\build\\include" -O0 -g3 -Wall -c -fmessage-length=0 -o sp_image_proc_util.o "..\\sp_image_proc_util.cpp" 
g++ "-LC:\\opencv\\build\\x86\\mingw\\lib" -o hw2.exe sp_image_proc_util.o main_aux.o main.o -llibopencv_core310 -llibopencv_imgcodecs310 -llibopencv_imgproc310 -llibopencv_xfeatures2d310 -llibopencv_features2d310 -llibopencv_highgui310 
07:55:36 **** Rebuild of configuration Debug for project project22222 ****
Info: Internal Builder is used for build
g++ "-IC:\\opencv\\build\\include" -O0 -g3 -Wall -c -fmessage-length=0 -o main.o "..\\main.cpp" 
g++ "-IC:\\opencv\\build\\include" -O0 -g3 -Wall -c -fmessage-length=0 -o sp_image_proc_util.o "..\\sp_image_proc_util.cpp" 
g++ "-IC:\\opencv\\build\\include" -O0 -g3 -Wall -c -fmessage-length=0 -o main_aux.o "..\\main_aux.cpp" 
g++ "-LC:\\opencv\\build\\x86\\mingw\\lib" -o project22222.exe sp_image_proc_util.o main_aux.o main.o -llibopencv_core310 -llibopencv_imgcodecs310 -llibopencv_imgproc310 -llibopencv_xfeatures2d310 -llibopencv_features2d310 -llibopencv_highgui310 
07:55:40 **** Rebuild of configuration Debug for project targil1 ****
Info: Internal Builder is used for build
gcc -O0 -g3 -Wall -c -fmessage-length=0 -o main.o "..\\main.c" 
gcc -O0 -g3 -Wall -c -fmessage-length=0 -o MathIsFun.o "..\\MathIsFun.c" 
gcc -o targil1.exe main.o MathIsFun.o 
07:55:41 **** Rebuild of configuration Debug for project targil2 ****
Info: Internal Builder is used for build
g++ "-IC:\\opencv\\build\\include" -O0 -g3 -Wall -c -fmessage-length=0 -o sp_image_proc_util.o "..\\sp_image_proc_util.cpp" 
g++ "-IC:\\opencv\\build\\include" -O0 -g3 -Wall -c -fmessage-length=0 -o main.o "..\\main.cpp" 
g++ "-IC:\\opencv\\build\\include" -O0 -g3 -Wall -c -fmessage-length=0 -o main_aux.o "..\\main_aux.cpp" 
g++ "-LC:\\opencv\\build\\x86\\mingw\\lib" -o targil2.exe sp_image_proc_util.o main_aux.o main.o -llibopencv_core310 -llibopencv_imgcodecs310 -llibopencv_imgproc310 -llibopencv_xfeatures2d310 -llibopencv_features2d310 -llibopencv_highgui310 
07:55:45 **** Rebuild of configuration Debug for project targil3 ****
Info: Internal Builder is used for build
gcc -O0 -g3 -Wall -c -fmessage-length=0 -std=c99 -o "unit_tests\\sp_bpqueue_unit_test.o" "..\\unit_tests\\sp_bpqueue_unit_test.c" 
..\unit_tests\sp_bpqueue_unit_test.c:15:13: warning: 'testQueue' defined but not used [-Wunused-function]
 static bool testQueue()
             ^
gcc -O0 -g3 -Wall -c -fmessage-length=0 -std=c99 -o SPListElement.o "..\\SPListElement.c" 
gcc -O0 -g3 -Wall -c -fmessage-length=0 -std=c99 -o SPBPriorityQueue.o "..\\SPBPriorityQueue.c" 
gcc -O0 -g3 -Wall -c -fmessage-length=0 -std=c99 -o "unit_tests\\sp_list_unit_test.o" "..\\unit_tests\\sp_list_unit_test.c" 
..\unit_tests\sp_list_unit_test.c:21:13: warning: 'testElementCreate' defined but not used [-Wunused-function]
 static bool testElementCreate() {
             ^
..\unit_tests\sp_list_unit_test.c:28:13: warning: 'testElementCompare' defined but not used [-Wunused-function]
 static bool testElementCompare() {
             ^
..\unit_tests\sp_list_unit_test.c:47:13: warning: 'testElementGetIndex' defined but not used [-Wunused-function]
 static bool testElementGetIndex() {
             ^
..\unit_tests\sp_list_unit_test.c:64:13: warning: 'testElementSetIndex' defined but not used [-Wunused-function]
 static bool testElementSetIndex() {
             ^
..\unit_tests\sp_list_unit_test.c:78:13: warning: 'testIsElementGetValue' defined but not used [-Wunused-function]
 static bool testIsElementGetValue() {
             ^
..\unit_tests\sp_list_unit_test.c:94:13: warning: 'testElementSetValue' defined but not used [-Wunused-function]
 static bool testElementSetValue() {
             ^
..\unit_tests\sp_list_unit_test.c:109:13: warning: 'testElementCopy' defined but not used [-Wunused-function]
 static bool testElementCopy() {
             ^
..\unit_tests\sp_list_unit_test.c:126:13: warning: 'testListCreate' defined but not used [-Wunused-function]
 static bool testListCreate() {
             ^
..\unit_tests\sp_list_unit_test.c:133:13: warning: 'testListCopy' defined but not used [-Wunused-function]
 static bool testListCopy() {
             ^
..\unit_tests\sp_list_unit_test.c:164:13: warning: 'testListGetSize' defined but not used [-Wunused-function]
 static bool testListGetSize() {
             ^
..\unit_tests\sp_list_unit_test.c:182:13: warning: 'testListGetFirst' defined but not used [-Wunused-function]
 static bool testListGetFirst() {
             ^
..\unit_tests\sp_list_unit_test.c:204:13: warning: 'testListGetNext' defined but not used [-Wunused-function]
 static bool testListGetNext() {
             ^
..\unit_tests\sp_list_unit_test.c:220:13: warning: 'testListInsertFirst' defined but not used [-Wunused-function]
 static bool testListInsertFirst() {
             ^
..\unit_tests\sp_list_unit_test.c:243:13: warning: 'testListInsertLast' defined but not used [-Wunused-function]
 static bool testListInsertLast() {
             ^
..\unit_tests\sp_list_unit_test.c:265:13: warning: 'testListInsertBeforeCurrent' defined but not used [-Wunused-function]
 static bool testListInsertBeforeCurrent() {
             ^
..\unit_tests\sp_list_unit_test.c:293:13: warning: 'testListInsertAfterCurrent' defined but not used [-Wunused-function]
 static bool testListInsertAfterCurrent() {
             ^
..\unit_tests\sp_list_unit_test.c:321:13: warning: 'testListClear' defined but not used [-Wunused-function]
 static bool testListClear() {
             ^
..\unit_tests\sp_list_unit_test.c:341:13: warning: 'testListDestroy' defined but not used [-Wunused-function]
 static bool testListDestroy() {
             ^
gcc -O0 -g3 -Wall -c -fmessage-length=0 -std=c99 -o SPPoint.o "..\\SPPoint.c" 
gcc -O0 -g3 -Wall -c -fmessage-length=0 -std=c99 -o "unit_tests\\sp_point_unit_test.o" "..\\unit_tests\\sp_point_unit_test.c" 
gcc -O0 -g3 -Wall -c -fmessage-length=0 -std=c99 -o "unit_tests\\sp_logger_unit_test.o" "..\\unit_tests\\sp_logger_unit_test.c" 
gcc -O0 -g3 -Wall -c -fmessage-length=0 -std=c99 -o SPLogger.o "..\\SPLogger.c" 
gcc -O0 -g3 -Wall -c -fmessage-length=0 -std=c99 -o SPList.o "..\\SPList.c" 
gcc -o targil3.exe "unit_tests\\sp_point_unit_test.o" "unit_tests\\sp_logger_unit_test.o" "unit_tests\\sp_list_unit_test.o" "unit_tests\\sp_bpqueue_unit_test.o" SPPoint.o SPLogger.o SPListElement.o SPList.o SPBPriorityQueue.o 
07:55:50 **** Rebuild of configuration Debug for project SPFinalProject ****
Info: Internal Builder is used for build
gcc -O0 -g3 -Wall -c -fmessage-length=0 -o SPList.o "..\\SPList.c" 
g++ "-IC:\\opencv\\build\\include" -O0 -g3 -Wall -c -fmessage-length=0 -std=c99 -o main.o "..\\main.cpp" 
cc1plus.exe: warning: command line option '-std=c99' is valid for C/ObjC but not for C++
..\main.cpp:10:20: fatal error: cstdio.h: No such file or directory
 #include <cstdio.h>
                    ^
compilation terminated.
Info: Nothing to build for try
07:57:12 **** Incremental Build of configuration Debug for project 2008 ****
Info: Internal Builder is used for build
gcc -o 2008.exe main.o 
c:/mingw/bin/../lib/gcc/mingw32/4.9.3/../../../libmingw32.a(main.o):(.text.startup+0xa7): undefined reference to `WinMain@16'
collect2.exe: error: ld returned 1 exit status
Info: Nothing to build for 2009
Info: Nothing to build for 2010
07:57:13 **** Incremental Build of configuration Debug for project 2011 ****
Info: Internal Builder is used for build
gcc -o 2011.exe main.o 
c:/mingw/bin/../lib/gcc/mingw32/4.9.3/../../../libmingw32.a(main.o):(.text.startup+0xa7): undefined reference to `WinMain@16'
collect2.exe: error: ld returned 1 exit status
Info: Nothing to build for 2012
Info: Nothing to build for HomeWork
Info: Nothing to build for exman2013
Info: Nothing to build for hw1
Info: Nothing to build for hw2
Info: Nothing to build for project22222
Info: Nothing to build for targil1
Info: Nothing to build for targil2
Info: Nothing to build for targil3
07:57:13 **** Incremental Build of configuration Debug for project SPFinalProject ****
Info: Internal Builder is used for build
gcc -O0 -g3 -Wall -c -fmessage-length=0 -std=c99 -o SPListElement.o "..\\SPListElement.c" 
gcc -O0 -g3 -Wall -c -fmessage-length=0 -std=c99 -o SPLogger.o "..\\SPLogger.c" 
gcc -O0 -g3 -Wall -c -fmessage-length=0 -std=c99 -o KDTree.o "..\\KDTree.c" 
In file included from ..\KDTree.c:1:0:
..\KDTree.h:15:1: error: unknown type name 'KDTreeNode'
 KDTreeNode buildKDTree(SPKDArray array, int depth)
 ^
..\KDTree.h:15:24: error: unknown type name 'SPKDArray'
 KDTreeNode buildKDTree(SPKDArray array, int depth)
                        ^
In file included from ..\KDTree.c:8:0:
..\SPKDArray.c: In function 'spKdarrayInit':
..\SPKDArray.c:26:19: error: expected expression before 'int'
  if (arr==NULL || int<=0)
                   ^
..\SPKDArray.c:34:2: error: conversion to non-scalar type requested
  SPPCoor* p = (SPPCoor)malloc(size*sizeof(SPPCoor));
  ^
..\SPKDArray.c:45:22: warning: initialization from incompatible pointer type
  SPPoint* tmpArray = (SPPoint)malloc(size*sizeof(SPPoint));
                      ^
..\SPKDArray.c:64:11: warning: assignment makes integer from pointer without a cast
   (*a)[i] = (int*)malloc(size*sizeof(int));
           ^
..\SPKDArray.c:65:14: warning: comparison between pointer and integer
   if((*a)[i] == NULL){//allocation fails
              ^
..\SPKDArray.c:73:2: error: conversion to non-scalar type requested
  SPPCoor pcoor = (SPPCoor)malloc(sizeof(SPPCoor));
  ^
..\SPKDArray.c:74:11: error: invalid operands to binary == (have 'SPPCoor' and 'void *')
  if(pcoor == NULL){//allocation fails
           ^
..\SPKDArray.c:82:9: error: invalid type argument of '->' (have 'SPPCoor')
    pcoor->axis=i;
         ^
..\SPKDArray.c:83:9: error: invalid type argument of '->' (have 'SPPCoor')
    pcoor->point = tmpArray[j];
         ^
..\SPKDArray.c:84:9: error: invalid type argument of '->' (have 'SPPCoor')
    pcoor->index=j;
         ^
..\SPKDArray.c:87:32: warning: passing argument 4 of 'qsort' from incompatible pointer type
   qsort(p,size,sizeof(SPPCoor),compByAxis);
                                ^
In file included from ..\KDTree.c:4:0:
c:\mingw\include\stdlib.h:370:22: note: expected 'int (*)(const void *, const void *)' but argument is of type 'int (*)(const void *, const void *, void *)'
 _CRTIMP void __cdecl qsort(void*, size_t, size_t,
                      ^
In file included from ..\KDTree.c:8:0:
..\SPKDArray.c:89:18: error: invalid type argument of '->' (have 'SPPCoor')
    a[i][j] = p[j]->index;
                  ^
..\SPKDArray.c: At top level:
..\SPKDArray.c:102:53: error: expected identifier or '(' before '{' token
 SPKDArray spKdarraySplit(SPKDArray kdArr, int coor);{
                                                     ^
..\SPKDArray.c:106:5: error: conflicting types for 'compByAxis'
 int compByAxis (const void* p1, const void* p2){
     ^
In file included from ..\SPKDArray.c:7:0,
                 from ..\KDTree.c:8:
..\SPKDArray.h:30:5: note: previous declaration of 'compByAxis' was here
 int compByAxis (const void* p1, const void* p2, void* axis);
     ^
..\KDTree.c:15:1: warning: useless storage class specifier in empty declaration
 };
 ^
..\KDTree.c: In function 'buildKDTree':
..\KDTree.c:19:3: warning: return makes pointer from integer without a cast
   return SP_KDTREE_INVALID_ARGUMENT;
   ^
..\KDTree.c:39:4: error: invalid use of undefined type 'struct sp_point_t'
    spread = array->pointArr[-1][0]-array->pointArr[0][0];
    ^
..\KDTree.c:39:32: error: dereferencing pointer to incomplete type
    spread = array->pointArr[-1][0]-array->pointArr[0][0];
                                ^
..\KDTree.c:39:4: error: invalid use of undefined type 'struct sp_point_t'
    spread = array->pointArr[-1][0]-array->pointArr[0][0];
    ^
..\KDTree.c:39:54: error: dereferencing pointer to incomplete type
    spread = array->pointArr[-1][0]-array->pointArr[0][0];
                                                      ^
..\KDTree.c:41:15: warning: assignment from incompatible pointer type
    left,right = spKdarraySplit(array, random);
               ^
..\KDTree.c:41:8: warning: left-hand operand of comma expression has no effect [-Wunused-value]
    left,right = spKdarraySplit(array, random);
        ^
..\KDTree.c:45:4: error: invalid use of undefined type 'struct sp_point_t'
    spread = array->pointArr[-1][1]-array->pointArr[1][0];
    ^
..\KDTree.c:45:32: error: dereferencing pointer to incomplete type
    spread = array->pointArr[-1][1]-array->pointArr[1][0];
                                ^
..\KDTree.c:45:4: error: invalid use of undefined type 'struct sp_point_t'
    spread = array->pointArr[-1][1]-array->pointArr[1][0];
    ^
..\KDTree.c:45:54: error: dereferencing pointer to incomplete type
    spread = array->pointArr[-1][1]-array->pointArr[1][0];
                                                      ^
..\KDTree.c:48:15: warning: assignment from incompatible pointer type
    left,right = spKdarraySplit(array,random);
               ^
..\KDTree.c:48:8: warning: left-hand operand of comma expression has no effect [-Wunused-value]
    left,right = spKdarraySplit(array,random);
        ^
..\KDTree.c:50:30: warning: passing argument 1 of 'buildKDTree' from incompatible pointer type
   kdtree->left = buildKDTree(left, depth+1)
                              ^
..\KDTree.c:17:14: note: expected 'SPKDArray' but argument is of type 'SPKDTreeNode'
 SPKDTreeNode buildKDTree(SPKDArray array, int depth){
              ^
..\KDTree.c:51:3: error: expected ';' before 'kdtree'
   kdtree->left = buildKDTree(right, depth+1)
   ^
Info: Nothing to build for try
